ERROR - 2023-05-25 14:51:53 --> Error connecting to the database: mysqli_sql_exception: No such file or directory in /opt/lampp/htdocs/.webarbe/codeigniter/4.3.5/system/Database/MySQLi/Connection.php:174
Stack trace:
#0 /opt/lampp/htdocs/.webarbe/codeigniter/4.3.5/system/Database/MySQLi/Connection.php(174): mysqli->real_connect()
#1 /opt/lampp/htdocs/.webarbe/codeigniter/4.3.5/system/Database/BaseConnection.php(391): CodeIgniter\Database\MySQLi\Connection->connect()
#2 /opt/lampp/htdocs/.webarbe/codeigniter/4.3.5/system/Database/BaseConnection.php(574): CodeIgniter\Database\BaseConnection->initialize()
#3 /opt/lampp/htdocs/.webarbe/codeigniter/4.3.5/system/Database/BaseBuilder.php(2309): CodeIgniter\Database\BaseConnection->query()
#4 /opt/lampp/htdocs/.webarbe/codeigniter/4.3.5/system/Model.php(330): CodeIgniter\Database\BaseBuilder->insert()
#5 /opt/lampp/htdocs/.webarbe/codeigniter/4.3.5/system/BaseModel.php(782): CodeIgniter\Model->doInsert()
#6 /opt/lampp/htdocs/.webarbe/codeigniter/4.3.5/system/Model.php(730): CodeIgniter\BaseModel->insert()
#7 /opt/lampp/htdocs/.webarbe/codeigniter/4.3.5/app/Controllers/Home.php(24): CodeIgniter\Model->insert()
#8 /opt/lampp/htdocs/.webarbe/codeigniter/4.3.5/system/CodeIgniter.php(934): App\Controllers\Home->index()
#9 /opt/lampp/htdocs/.webarbe/codeigniter/4.3.5/system/CodeIgniter.php(499): CodeIgniter\CodeIgniter->runController()
#10 /opt/lampp/htdocs/.webarbe/codeigniter/4.3.5/system/CodeIgniter.php(368): CodeIgniter\CodeIgniter->handleRequest()
#11 /opt/lampp/htdocs/.webarbe/codeigniter/4.3.5/public/index.php(67): CodeIgniter\CodeIgniter->run()
#12 /opt/lampp/htdocs/.webarbe/codeigniter/4.3.5/system/Commands/Server/rewrite.php(47): require_once('...')
#13 {main}

Next CodeIgniter\Database\Exceptions\DatabaseException: No such file or directory in /opt/lampp/htdocs/.webarbe/codeigniter/4.3.5/system/Database/MySQLi/Connection.php:218
Stack trace:
#0 /opt/lampp/htdocs/.webarbe/codeigniter/4.3.5/system/Database/BaseConnection.php(391): CodeIgniter\Database\MySQLi\Connection->connect()
#1 /opt/lampp/htdocs/.webarbe/codeigniter/4.3.5/system/Database/BaseConnection.php(574): CodeIgniter\Database\BaseConnection->initialize()
#2 /opt/lampp/htdocs/.webarbe/codeigniter/4.3.5/system/Database/BaseBuilder.php(2309): CodeIgniter\Database\BaseConnection->query()
#3 /opt/lampp/htdocs/.webarbe/codeigniter/4.3.5/system/Model.php(330): CodeIgniter\Database\BaseBuilder->insert()
#4 /opt/lampp/htdocs/.webarbe/codeigniter/4.3.5/system/BaseModel.php(782): CodeIgniter\Model->doInsert()
#5 /opt/lampp/htdocs/.webarbe/codeigniter/4.3.5/system/Model.php(730): CodeIgniter\BaseModel->insert()
#6 /opt/lampp/htdocs/.webarbe/codeigniter/4.3.5/app/Controllers/Home.php(24): CodeIgniter\Model->insert()
#7 /opt/lampp/htdocs/.webarbe/codeigniter/4.3.5/system/CodeIgniter.php(934): App\Controllers\Home->index()
#8 /opt/lampp/htdocs/.webarbe/codeigniter/4.3.5/system/CodeIgniter.php(499): CodeIgniter\CodeIgniter->runController()
#9 /opt/lampp/htdocs/.webarbe/codeigniter/4.3.5/system/CodeIgniter.php(368): CodeIgniter\CodeIgniter->handleRequest()
#10 /opt/lampp/htdocs/.webarbe/codeigniter/4.3.5/public/index.php(67): CodeIgniter\CodeIgniter->run()
#11 /opt/lampp/htdocs/.webarbe/codeigniter/4.3.5/system/Commands/Server/rewrite.php(47): require_once('...')
#12 {main}
CRITICAL - 2023-05-25 14:51:53 --> Unable to connect to the database.
Main connection [MySQLi]: No such file or directory
in SYSTEMPATH/Database/BaseConnection.php on line 427.
 1 SYSTEMPATH/Database/BaseConnection.php(574): CodeIgniter\Database\BaseConnection->initialize()
 2 SYSTEMPATH/Database/BaseBuilder.php(2309): CodeIgniter\Database\BaseConnection->query()
 3 SYSTEMPATH/Model.php(330): CodeIgniter\Database\BaseBuilder->insert()
 4 SYSTEMPATH/BaseModel.php(782): CodeIgniter\Model->doInsert()
 5 SYSTEMPATH/Model.php(730): CodeIgniter\BaseModel->insert()
 6 APPPATH/Controllers/Home.php(24): CodeIgniter\Model->insert()
 7 SYSTEMPATH/CodeIgniter.php(934): App\Controllers\Home->index()
 8 SYSTEMPATH/CodeIgniter.php(499): CodeIgniter\CodeIgniter->runController()
 9 SYSTEMPATH/CodeIgniter.php(368): CodeIgniter\CodeIgniter->handleRequest()
10 FCPATH/index.php(67): CodeIgniter\CodeIgniter->run()
11 SYSTEMPATH/Commands/Server/rewrite.php(47): require_once('/opt/lampp/htdocs/.webarbe/codeigniter/4.3.5/public/index.php')
ERROR - 2023-05-25 14:52:01 --> Error connecting to the database: mysqli_sql_exception: No such file or directory in /opt/lampp/htdocs/.webarbe/codeigniter/4.3.5/system/Database/MySQLi/Connection.php:174
Stack trace:
#0 /opt/lampp/htdocs/.webarbe/codeigniter/4.3.5/system/Database/MySQLi/Connection.php(174): mysqli->real_connect()
#1 /opt/lampp/htdocs/.webarbe/codeigniter/4.3.5/system/Database/BaseConnection.php(391): CodeIgniter\Database\MySQLi\Connection->connect()
#2 /opt/lampp/htdocs/.webarbe/codeigniter/4.3.5/system/Database/BaseConnection.php(574): CodeIgniter\Database\BaseConnection->initialize()
#3 /opt/lampp/htdocs/.webarbe/codeigniter/4.3.5/system/Database/BaseBuilder.php(2309): CodeIgniter\Database\BaseConnection->query()
#4 /opt/lampp/htdocs/.webarbe/codeigniter/4.3.5/system/Model.php(330): CodeIgniter\Database\BaseBuilder->insert()
#5 /opt/lampp/htdocs/.webarbe/codeigniter/4.3.5/system/BaseModel.php(782): CodeIgniter\Model->doInsert()
#6 /opt/lampp/htdocs/.webarbe/codeigniter/4.3.5/system/Model.php(730): CodeIgniter\BaseModel->insert()
#7 /opt/lampp/htdocs/.webarbe/codeigniter/4.3.5/app/Controllers/Home.php(24): CodeIgniter\Model->insert()
#8 /opt/lampp/htdocs/.webarbe/codeigniter/4.3.5/system/CodeIgniter.php(934): App\Controllers\Home->index()
#9 /opt/lampp/htdocs/.webarbe/codeigniter/4.3.5/system/CodeIgniter.php(499): CodeIgniter\CodeIgniter->runController()
#10 /opt/lampp/htdocs/.webarbe/codeigniter/4.3.5/system/CodeIgniter.php(368): CodeIgniter\CodeIgniter->handleRequest()
#11 /opt/lampp/htdocs/.webarbe/codeigniter/4.3.5/public/index.php(67): CodeIgniter\CodeIgniter->run()
#12 /opt/lampp/htdocs/.webarbe/codeigniter/4.3.5/system/Commands/Server/rewrite.php(47): require_once('...')
#13 {main}

Next CodeIgniter\Database\Exceptions\DatabaseException: No such file or directory in /opt/lampp/htdocs/.webarbe/codeigniter/4.3.5/system/Database/MySQLi/Connection.php:218
Stack trace:
#0 /opt/lampp/htdocs/.webarbe/codeigniter/4.3.5/system/Database/BaseConnection.php(391): CodeIgniter\Database\MySQLi\Connection->connect()
#1 /opt/lampp/htdocs/.webarbe/codeigniter/4.3.5/system/Database/BaseConnection.php(574): CodeIgniter\Database\BaseConnection->initialize()
#2 /opt/lampp/htdocs/.webarbe/codeigniter/4.3.5/system/Database/BaseBuilder.php(2309): CodeIgniter\Database\BaseConnection->query()
#3 /opt/lampp/htdocs/.webarbe/codeigniter/4.3.5/system/Model.php(330): CodeIgniter\Database\BaseBuilder->insert()
#4 /opt/lampp/htdocs/.webarbe/codeigniter/4.3.5/system/BaseModel.php(782): CodeIgniter\Model->doInsert()
#5 /opt/lampp/htdocs/.webarbe/codeigniter/4.3.5/system/Model.php(730): CodeIgniter\BaseModel->insert()
#6 /opt/lampp/htdocs/.webarbe/codeigniter/4.3.5/app/Controllers/Home.php(24): CodeIgniter\Model->insert()
#7 /opt/lampp/htdocs/.webarbe/codeigniter/4.3.5/system/CodeIgniter.php(934): App\Controllers\Home->index()
#8 /opt/lampp/htdocs/.webarbe/codeigniter/4.3.5/system/CodeIgniter.php(499): CodeIgniter\CodeIgniter->runController()
#9 /opt/lampp/htdocs/.webarbe/codeigniter/4.3.5/system/CodeIgniter.php(368): CodeIgniter\CodeIgniter->handleRequest()
#10 /opt/lampp/htdocs/.webarbe/codeigniter/4.3.5/public/index.php(67): CodeIgniter\CodeIgniter->run()
#11 /opt/lampp/htdocs/.webarbe/codeigniter/4.3.5/system/Commands/Server/rewrite.php(47): require_once('...')
#12 {main}
CRITICAL - 2023-05-25 14:52:01 --> Unable to connect to the database.
Main connection [MySQLi]: No such file or directory
in SYSTEMPATH/Database/BaseConnection.php on line 427.
 1 SYSTEMPATH/Database/BaseConnection.php(574): CodeIgniter\Database\BaseConnection->initialize()
 2 SYSTEMPATH/Database/BaseBuilder.php(2309): CodeIgniter\Database\BaseConnection->query()
 3 SYSTEMPATH/Model.php(330): CodeIgniter\Database\BaseBuilder->insert()
 4 SYSTEMPATH/BaseModel.php(782): CodeIgniter\Model->doInsert()
 5 SYSTEMPATH/Model.php(730): CodeIgniter\BaseModel->insert()
 6 APPPATH/Controllers/Home.php(24): CodeIgniter\Model->insert()
 7 SYSTEMPATH/CodeIgniter.php(934): App\Controllers\Home->index()
 8 SYSTEMPATH/CodeIgniter.php(499): CodeIgniter\CodeIgniter->runController()
 9 SYSTEMPATH/CodeIgniter.php(368): CodeIgniter\CodeIgniter->handleRequest()
10 FCPATH/index.php(67): CodeIgniter\CodeIgniter->run()
11 SYSTEMPATH/Commands/Server/rewrite.php(47): require_once('/opt/lampp/htdocs/.webarbe/codeigniter/4.3.5/public/index.php')
ERROR - 2023-05-25 14:52:03 --> Error connecting to the database: mysqli_sql_exception: No such file or directory in /opt/lampp/htdocs/.webarbe/codeigniter/4.3.5/system/Database/MySQLi/Connection.php:174
Stack trace:
#0 /opt/lampp/htdocs/.webarbe/codeigniter/4.3.5/system/Database/MySQLi/Connection.php(174): mysqli->real_connect()
#1 /opt/lampp/htdocs/.webarbe/codeigniter/4.3.5/system/Database/BaseConnection.php(391): CodeIgniter\Database\MySQLi\Connection->connect()
#2 /opt/lampp/htdocs/.webarbe/codeigniter/4.3.5/system/Database/BaseConnection.php(574): CodeIgniter\Database\BaseConnection->initialize()
#3 /opt/lampp/htdocs/.webarbe/codeigniter/4.3.5/system/Database/BaseBuilder.php(2309): CodeIgniter\Database\BaseConnection->query()
#4 /opt/lampp/htdocs/.webarbe/codeigniter/4.3.5/system/Model.php(330): CodeIgniter\Database\BaseBuilder->insert()
#5 /opt/lampp/htdocs/.webarbe/codeigniter/4.3.5/system/BaseModel.php(782): CodeIgniter\Model->doInsert()
#6 /opt/lampp/htdocs/.webarbe/codeigniter/4.3.5/system/Model.php(730): CodeIgniter\BaseModel->insert()
#7 /opt/lampp/htdocs/.webarbe/codeigniter/4.3.5/app/Controllers/Home.php(24): CodeIgniter\Model->insert()
#8 /opt/lampp/htdocs/.webarbe/codeigniter/4.3.5/system/CodeIgniter.php(934): App\Controllers\Home->index()
#9 /opt/lampp/htdocs/.webarbe/codeigniter/4.3.5/system/CodeIgniter.php(499): CodeIgniter\CodeIgniter->runController()
#10 /opt/lampp/htdocs/.webarbe/codeigniter/4.3.5/system/CodeIgniter.php(368): CodeIgniter\CodeIgniter->handleRequest()
#11 /opt/lampp/htdocs/.webarbe/codeigniter/4.3.5/public/index.php(67): CodeIgniter\CodeIgniter->run()
#12 /opt/lampp/htdocs/.webarbe/codeigniter/4.3.5/system/Commands/Server/rewrite.php(47): require_once('...')
#13 {main}

Next CodeIgniter\Database\Exceptions\DatabaseException: No such file or directory in /opt/lampp/htdocs/.webarbe/codeigniter/4.3.5/system/Database/MySQLi/Connection.php:218
Stack trace:
#0 /opt/lampp/htdocs/.webarbe/codeigniter/4.3.5/system/Database/BaseConnection.php(391): CodeIgniter\Database\MySQLi\Connection->connect()
#1 /opt/lampp/htdocs/.webarbe/codeigniter/4.3.5/system/Database/BaseConnection.php(574): CodeIgniter\Database\BaseConnection->initialize()
#2 /opt/lampp/htdocs/.webarbe/codeigniter/4.3.5/system/Database/BaseBuilder.php(2309): CodeIgniter\Database\BaseConnection->query()
#3 /opt/lampp/htdocs/.webarbe/codeigniter/4.3.5/system/Model.php(330): CodeIgniter\Database\BaseBuilder->insert()
#4 /opt/lampp/htdocs/.webarbe/codeigniter/4.3.5/system/BaseModel.php(782): CodeIgniter\Model->doInsert()
#5 /opt/lampp/htdocs/.webarbe/codeigniter/4.3.5/system/Model.php(730): CodeIgniter\BaseModel->insert()
#6 /opt/lampp/htdocs/.webarbe/codeigniter/4.3.5/app/Controllers/Home.php(24): CodeIgniter\Model->insert()
#7 /opt/lampp/htdocs/.webarbe/codeigniter/4.3.5/system/CodeIgniter.php(934): App\Controllers\Home->index()
#8 /opt/lampp/htdocs/.webarbe/codeigniter/4.3.5/system/CodeIgniter.php(499): CodeIgniter\CodeIgniter->runController()
#9 /opt/lampp/htdocs/.webarbe/codeigniter/4.3.5/system/CodeIgniter.php(368): CodeIgniter\CodeIgniter->handleRequest()
#10 /opt/lampp/htdocs/.webarbe/codeigniter/4.3.5/public/index.php(67): CodeIgniter\CodeIgniter->run()
#11 /opt/lampp/htdocs/.webarbe/codeigniter/4.3.5/system/Commands/Server/rewrite.php(47): require_once('...')
#12 {main}
CRITICAL - 2023-05-25 14:52:03 --> Unable to connect to the database.
Main connection [MySQLi]: No such file or directory
in SYSTEMPATH/Database/BaseConnection.php on line 427.
 1 SYSTEMPATH/Database/BaseConnection.php(574): CodeIgniter\Database\BaseConnection->initialize()
 2 SYSTEMPATH/Database/BaseBuilder.php(2309): CodeIgniter\Database\BaseConnection->query()
 3 SYSTEMPATH/Model.php(330): CodeIgniter\Database\BaseBuilder->insert()
 4 SYSTEMPATH/BaseModel.php(782): CodeIgniter\Model->doInsert()
 5 SYSTEMPATH/Model.php(730): CodeIgniter\BaseModel->insert()
 6 APPPATH/Controllers/Home.php(24): CodeIgniter\Model->insert()
 7 SYSTEMPATH/CodeIgniter.php(934): App\Controllers\Home->index()
 8 SYSTEMPATH/CodeIgniter.php(499): CodeIgniter\CodeIgniter->runController()
 9 SYSTEMPATH/CodeIgniter.php(368): CodeIgniter\CodeIgniter->handleRequest()
10 FCPATH/index.php(67): CodeIgniter\CodeIgniter->run()
11 SYSTEMPATH/Commands/Server/rewrite.php(47): require_once('/opt/lampp/htdocs/.webarbe/codeigniter/4.3.5/public/index.php')
ERROR - 2023-05-25 14:52:47 --> Error connecting to the database: mysqli_sql_exception: No such file or directory in /opt/lampp/htdocs/.webarbe/codeigniter/4.3.5/system/Database/MySQLi/Connection.php:174
Stack trace:
#0 /opt/lampp/htdocs/.webarbe/codeigniter/4.3.5/system/Database/MySQLi/Connection.php(174): mysqli->real_connect()
#1 /opt/lampp/htdocs/.webarbe/codeigniter/4.3.5/system/Database/BaseConnection.php(391): CodeIgniter\Database\MySQLi\Connection->connect()
#2 /opt/lampp/htdocs/.webarbe/codeigniter/4.3.5/system/Database/BaseConnection.php(574): CodeIgniter\Database\BaseConnection->initialize()
#3 /opt/lampp/htdocs/.webarbe/codeigniter/4.3.5/system/Database/BaseBuilder.php(2309): CodeIgniter\Database\BaseConnection->query()
#4 /opt/lampp/htdocs/.webarbe/codeigniter/4.3.5/system/Model.php(330): CodeIgniter\Database\BaseBuilder->insert()
#5 /opt/lampp/htdocs/.webarbe/codeigniter/4.3.5/system/BaseModel.php(782): CodeIgniter\Model->doInsert()
#6 /opt/lampp/htdocs/.webarbe/codeigniter/4.3.5/system/Model.php(730): CodeIgniter\BaseModel->insert()
#7 /opt/lampp/htdocs/.webarbe/codeigniter/4.3.5/app/Controllers/Home.php(28): CodeIgniter\Model->insert()
#8 /opt/lampp/htdocs/.webarbe/codeigniter/4.3.5/system/CodeIgniter.php(934): App\Controllers\Home->index()
#9 /opt/lampp/htdocs/.webarbe/codeigniter/4.3.5/system/CodeIgniter.php(499): CodeIgniter\CodeIgniter->runController()
#10 /opt/lampp/htdocs/.webarbe/codeigniter/4.3.5/system/CodeIgniter.php(368): CodeIgniter\CodeIgniter->handleRequest()
#11 /opt/lampp/htdocs/.webarbe/codeigniter/4.3.5/public/index.php(67): CodeIgniter\CodeIgniter->run()
#12 /opt/lampp/htdocs/.webarbe/codeigniter/4.3.5/system/Commands/Server/rewrite.php(47): require_once('...')
#13 {main}

Next CodeIgniter\Database\Exceptions\DatabaseException: No such file or directory in /opt/lampp/htdocs/.webarbe/codeigniter/4.3.5/system/Database/MySQLi/Connection.php:218
Stack trace:
#0 /opt/lampp/htdocs/.webarbe/codeigniter/4.3.5/system/Database/BaseConnection.php(391): CodeIgniter\Database\MySQLi\Connection->connect()
#1 /opt/lampp/htdocs/.webarbe/codeigniter/4.3.5/system/Database/BaseConnection.php(574): CodeIgniter\Database\BaseConnection->initialize()
#2 /opt/lampp/htdocs/.webarbe/codeigniter/4.3.5/system/Database/BaseBuilder.php(2309): CodeIgniter\Database\BaseConnection->query()
#3 /opt/lampp/htdocs/.webarbe/codeigniter/4.3.5/system/Model.php(330): CodeIgniter\Database\BaseBuilder->insert()
#4 /opt/lampp/htdocs/.webarbe/codeigniter/4.3.5/system/BaseModel.php(782): CodeIgniter\Model->doInsert()
#5 /opt/lampp/htdocs/.webarbe/codeigniter/4.3.5/system/Model.php(730): CodeIgniter\BaseModel->insert()
#6 /opt/lampp/htdocs/.webarbe/codeigniter/4.3.5/app/Controllers/Home.php(28): CodeIgniter\Model->insert()
#7 /opt/lampp/htdocs/.webarbe/codeigniter/4.3.5/system/CodeIgniter.php(934): App\Controllers\Home->index()
#8 /opt/lampp/htdocs/.webarbe/codeigniter/4.3.5/system/CodeIgniter.php(499): CodeIgniter\CodeIgniter->runController()
#9 /opt/lampp/htdocs/.webarbe/codeigniter/4.3.5/system/CodeIgniter.php(368): CodeIgniter\CodeIgniter->handleRequest()
#10 /opt/lampp/htdocs/.webarbe/codeigniter/4.3.5/public/index.php(67): CodeIgniter\CodeIgniter->run()
#11 /opt/lampp/htdocs/.webarbe/codeigniter/4.3.5/system/Commands/Server/rewrite.php(47): require_once('...')
#12 {main}
CRITICAL - 2023-05-25 14:52:47 --> Unable to connect to the database.
Main connection [MySQLi]: No such file or directory
in SYSTEMPATH/Database/BaseConnection.php on line 427.
 1 SYSTEMPATH/Database/BaseConnection.php(574): CodeIgniter\Database\BaseConnection->initialize()
 2 SYSTEMPATH/Database/BaseBuilder.php(2309): CodeIgniter\Database\BaseConnection->query()
 3 SYSTEMPATH/Model.php(330): CodeIgniter\Database\BaseBuilder->insert()
 4 SYSTEMPATH/BaseModel.php(782): CodeIgniter\Model->doInsert()
 5 SYSTEMPATH/Model.php(730): CodeIgniter\BaseModel->insert()
 6 APPPATH/Controllers/Home.php(28): CodeIgniter\Model->insert()
 7 SYSTEMPATH/CodeIgniter.php(934): App\Controllers\Home->index()
 8 SYSTEMPATH/CodeIgniter.php(499): CodeIgniter\CodeIgniter->runController()
 9 SYSTEMPATH/CodeIgniter.php(368): CodeIgniter\CodeIgniter->handleRequest()
10 FCPATH/index.php(67): CodeIgniter\CodeIgniter->run()
11 SYSTEMPATH/Commands/Server/rewrite.php(47): require_once('/opt/lampp/htdocs/.webarbe/codeigniter/4.3.5/public/index.php')
ERROR - 2023-05-25 14:52:49 --> Error connecting to the database: mysqli_sql_exception: No such file or directory in /opt/lampp/htdocs/.webarbe/codeigniter/4.3.5/system/Database/MySQLi/Connection.php:174
Stack trace:
#0 /opt/lampp/htdocs/.webarbe/codeigniter/4.3.5/system/Database/MySQLi/Connection.php(174): mysqli->real_connect()
#1 /opt/lampp/htdocs/.webarbe/codeigniter/4.3.5/system/Database/BaseConnection.php(391): CodeIgniter\Database\MySQLi\Connection->connect()
#2 /opt/lampp/htdocs/.webarbe/codeigniter/4.3.5/system/Database/BaseConnection.php(574): CodeIgniter\Database\BaseConnection->initialize()
#3 /opt/lampp/htdocs/.webarbe/codeigniter/4.3.5/system/Database/BaseBuilder.php(2309): CodeIgniter\Database\BaseConnection->query()
#4 /opt/lampp/htdocs/.webarbe/codeigniter/4.3.5/system/Model.php(330): CodeIgniter\Database\BaseBuilder->insert()
#5 /opt/lampp/htdocs/.webarbe/codeigniter/4.3.5/system/BaseModel.php(782): CodeIgniter\Model->doInsert()
#6 /opt/lampp/htdocs/.webarbe/codeigniter/4.3.5/system/Model.php(730): CodeIgniter\BaseModel->insert()
#7 /opt/lampp/htdocs/.webarbe/codeigniter/4.3.5/app/Controllers/Home.php(28): CodeIgniter\Model->insert()
#8 /opt/lampp/htdocs/.webarbe/codeigniter/4.3.5/system/CodeIgniter.php(934): App\Controllers\Home->index()
#9 /opt/lampp/htdocs/.webarbe/codeigniter/4.3.5/system/CodeIgniter.php(499): CodeIgniter\CodeIgniter->runController()
#10 /opt/lampp/htdocs/.webarbe/codeigniter/4.3.5/system/CodeIgniter.php(368): CodeIgniter\CodeIgniter->handleRequest()
#11 /opt/lampp/htdocs/.webarbe/codeigniter/4.3.5/public/index.php(67): CodeIgniter\CodeIgniter->run()
#12 /opt/lampp/htdocs/.webarbe/codeigniter/4.3.5/system/Commands/Server/rewrite.php(47): require_once('...')
#13 {main}

Next CodeIgniter\Database\Exceptions\DatabaseException: No such file or directory in /opt/lampp/htdocs/.webarbe/codeigniter/4.3.5/system/Database/MySQLi/Connection.php:218
Stack trace:
#0 /opt/lampp/htdocs/.webarbe/codeigniter/4.3.5/system/Database/BaseConnection.php(391): CodeIgniter\Database\MySQLi\Connection->connect()
#1 /opt/lampp/htdocs/.webarbe/codeigniter/4.3.5/system/Database/BaseConnection.php(574): CodeIgniter\Database\BaseConnection->initialize()
#2 /opt/lampp/htdocs/.webarbe/codeigniter/4.3.5/system/Database/BaseBuilder.php(2309): CodeIgniter\Database\BaseConnection->query()
#3 /opt/lampp/htdocs/.webarbe/codeigniter/4.3.5/system/Model.php(330): CodeIgniter\Database\BaseBuilder->insert()
#4 /opt/lampp/htdocs/.webarbe/codeigniter/4.3.5/system/BaseModel.php(782): CodeIgniter\Model->doInsert()
#5 /opt/lampp/htdocs/.webarbe/codeigniter/4.3.5/system/Model.php(730): CodeIgniter\BaseModel->insert()
#6 /opt/lampp/htdocs/.webarbe/codeigniter/4.3.5/app/Controllers/Home.php(28): CodeIgniter\Model->insert()
#7 /opt/lampp/htdocs/.webarbe/codeigniter/4.3.5/system/CodeIgniter.php(934): App\Controllers\Home->index()
#8 /opt/lampp/htdocs/.webarbe/codeigniter/4.3.5/system/CodeIgniter.php(499): CodeIgniter\CodeIgniter->runController()
#9 /opt/lampp/htdocs/.webarbe/codeigniter/4.3.5/system/CodeIgniter.php(368): CodeIgniter\CodeIgniter->handleRequest()
#10 /opt/lampp/htdocs/.webarbe/codeigniter/4.3.5/public/index.php(67): CodeIgniter\CodeIgniter->run()
#11 /opt/lampp/htdocs/.webarbe/codeigniter/4.3.5/system/Commands/Server/rewrite.php(47): require_once('...')
#12 {main}
CRITICAL - 2023-05-25 14:52:49 --> Unable to connect to the database.
Main connection [MySQLi]: No such file or directory
in SYSTEMPATH/Database/BaseConnection.php on line 427.
 1 SYSTEMPATH/Database/BaseConnection.php(574): CodeIgniter\Database\BaseConnection->initialize()
 2 SYSTEMPATH/Database/BaseBuilder.php(2309): CodeIgniter\Database\BaseConnection->query()
 3 SYSTEMPATH/Model.php(330): CodeIgniter\Database\BaseBuilder->insert()
 4 SYSTEMPATH/BaseModel.php(782): CodeIgniter\Model->doInsert()
 5 SYSTEMPATH/Model.php(730): CodeIgniter\BaseModel->insert()
 6 APPPATH/Controllers/Home.php(28): CodeIgniter\Model->insert()
 7 SYSTEMPATH/CodeIgniter.php(934): App\Controllers\Home->index()
 8 SYSTEMPATH/CodeIgniter.php(499): CodeIgniter\CodeIgniter->runController()
 9 SYSTEMPATH/CodeIgniter.php(368): CodeIgniter\CodeIgniter->handleRequest()
10 FCPATH/index.php(67): CodeIgniter\CodeIgniter->run()
11 SYSTEMPATH/Commands/Server/rewrite.php(47): require_once('/opt/lampp/htdocs/.webarbe/codeigniter/4.3.5/public/index.php')
ERROR - 2023-05-25 14:56:07 --> Error connecting to the database: mysqli_sql_exception: No such file or directory in /opt/lampp/htdocs/.webarbe/codeigniter/4.3.5/system/Database/MySQLi/Connection.php:174
Stack trace:
#0 /opt/lampp/htdocs/.webarbe/codeigniter/4.3.5/system/Database/MySQLi/Connection.php(174): mysqli->real_connect()
#1 /opt/lampp/htdocs/.webarbe/codeigniter/4.3.5/system/Database/BaseConnection.php(391): CodeIgniter\Database\MySQLi\Connection->connect()
#2 /opt/lampp/htdocs/.webarbe/codeigniter/4.3.5/system/Database/BaseConnection.php(574): CodeIgniter\Database\BaseConnection->initialize()
#3 /opt/lampp/htdocs/.webarbe/codeigniter/4.3.5/system/Database/BaseBuilder.php(2309): CodeIgniter\Database\BaseConnection->query()
#4 /opt/lampp/htdocs/.webarbe/codeigniter/4.3.5/system/Model.php(330): CodeIgniter\Database\BaseBuilder->insert()
#5 /opt/lampp/htdocs/.webarbe/codeigniter/4.3.5/system/BaseModel.php(782): CodeIgniter\Model->doInsert()
#6 /opt/lampp/htdocs/.webarbe/codeigniter/4.3.5/system/Model.php(730): CodeIgniter\BaseModel->insert()
#7 /opt/lampp/htdocs/.webarbe/codeigniter/4.3.5/app/Controllers/Home.php(28): CodeIgniter\Model->insert()
#8 /opt/lampp/htdocs/.webarbe/codeigniter/4.3.5/system/CodeIgniter.php(934): App\Controllers\Home->index()
#9 /opt/lampp/htdocs/.webarbe/codeigniter/4.3.5/system/CodeIgniter.php(499): CodeIgniter\CodeIgniter->runController()
#10 /opt/lampp/htdocs/.webarbe/codeigniter/4.3.5/system/CodeIgniter.php(368): CodeIgniter\CodeIgniter->handleRequest()
#11 /opt/lampp/htdocs/.webarbe/codeigniter/4.3.5/public/index.php(67): CodeIgniter\CodeIgniter->run()
#12 /opt/lampp/htdocs/.webarbe/codeigniter/4.3.5/system/Commands/Server/rewrite.php(47): require_once('...')
#13 {main}

Next CodeIgniter\Database\Exceptions\DatabaseException: No such file or directory in /opt/lampp/htdocs/.webarbe/codeigniter/4.3.5/system/Database/MySQLi/Connection.php:218
Stack trace:
#0 /opt/lampp/htdocs/.webarbe/codeigniter/4.3.5/system/Database/BaseConnection.php(391): CodeIgniter\Database\MySQLi\Connection->connect()
#1 /opt/lampp/htdocs/.webarbe/codeigniter/4.3.5/system/Database/BaseConnection.php(574): CodeIgniter\Database\BaseConnection->initialize()
#2 /opt/lampp/htdocs/.webarbe/codeigniter/4.3.5/system/Database/BaseBuilder.php(2309): CodeIgniter\Database\BaseConnection->query()
#3 /opt/lampp/htdocs/.webarbe/codeigniter/4.3.5/system/Model.php(330): CodeIgniter\Database\BaseBuilder->insert()
#4 /opt/lampp/htdocs/.webarbe/codeigniter/4.3.5/system/BaseModel.php(782): CodeIgniter\Model->doInsert()
#5 /opt/lampp/htdocs/.webarbe/codeigniter/4.3.5/system/Model.php(730): CodeIgniter\BaseModel->insert()
#6 /opt/lampp/htdocs/.webarbe/codeigniter/4.3.5/app/Controllers/Home.php(28): CodeIgniter\Model->insert()
#7 /opt/lampp/htdocs/.webarbe/codeigniter/4.3.5/system/CodeIgniter.php(934): App\Controllers\Home->index()
#8 /opt/lampp/htdocs/.webarbe/codeigniter/4.3.5/system/CodeIgniter.php(499): CodeIgniter\CodeIgniter->runController()
#9 /opt/lampp/htdocs/.webarbe/codeigniter/4.3.5/system/CodeIgniter.php(368): CodeIgniter\CodeIgniter->handleRequest()
#10 /opt/lampp/htdocs/.webarbe/codeigniter/4.3.5/public/index.php(67): CodeIgniter\CodeIgniter->run()
#11 /opt/lampp/htdocs/.webarbe/codeigniter/4.3.5/system/Commands/Server/rewrite.php(47): require_once('...')
#12 {main}
CRITICAL - 2023-05-25 14:56:07 --> Unable to connect to the database.
Main connection [MySQLi]: No such file or directory
in SYSTEMPATH/Database/BaseConnection.php on line 427.
 1 SYSTEMPATH/Database/BaseConnection.php(574): CodeIgniter\Database\BaseConnection->initialize()
 2 SYSTEMPATH/Database/BaseBuilder.php(2309): CodeIgniter\Database\BaseConnection->query()
 3 SYSTEMPATH/Model.php(330): CodeIgniter\Database\BaseBuilder->insert()
 4 SYSTEMPATH/BaseModel.php(782): CodeIgniter\Model->doInsert()
 5 SYSTEMPATH/Model.php(730): CodeIgniter\BaseModel->insert()
 6 APPPATH/Controllers/Home.php(28): CodeIgniter\Model->insert()
 7 SYSTEMPATH/CodeIgniter.php(934): App\Controllers\Home->index()
 8 SYSTEMPATH/CodeIgniter.php(499): CodeIgniter\CodeIgniter->runController()
 9 SYSTEMPATH/CodeIgniter.php(368): CodeIgniter\CodeIgniter->handleRequest()
10 FCPATH/index.php(67): CodeIgniter\CodeIgniter->run()
11 SYSTEMPATH/Commands/Server/rewrite.php(47): require_once('/opt/lampp/htdocs/.webarbe/codeigniter/4.3.5/public/index.php')
ERROR - 2023-05-25 14:56:08 --> Error connecting to the database: mysqli_sql_exception: No such file or directory in /opt/lampp/htdocs/.webarbe/codeigniter/4.3.5/system/Database/MySQLi/Connection.php:174
Stack trace:
#0 /opt/lampp/htdocs/.webarbe/codeigniter/4.3.5/system/Database/MySQLi/Connection.php(174): mysqli->real_connect()
#1 /opt/lampp/htdocs/.webarbe/codeigniter/4.3.5/system/Database/BaseConnection.php(391): CodeIgniter\Database\MySQLi\Connection->connect()
#2 /opt/lampp/htdocs/.webarbe/codeigniter/4.3.5/system/Database/BaseConnection.php(574): CodeIgniter\Database\BaseConnection->initialize()
#3 /opt/lampp/htdocs/.webarbe/codeigniter/4.3.5/system/Database/BaseBuilder.php(2309): CodeIgniter\Database\BaseConnection->query()
#4 /opt/lampp/htdocs/.webarbe/codeigniter/4.3.5/system/Model.php(330): CodeIgniter\Database\BaseBuilder->insert()
#5 /opt/lampp/htdocs/.webarbe/codeigniter/4.3.5/system/BaseModel.php(782): CodeIgniter\Model->doInsert()
#6 /opt/lampp/htdocs/.webarbe/codeigniter/4.3.5/system/Model.php(730): CodeIgniter\BaseModel->insert()
#7 /opt/lampp/htdocs/.webarbe/codeigniter/4.3.5/app/Controllers/Home.php(28): CodeIgniter\Model->insert()
#8 /opt/lampp/htdocs/.webarbe/codeigniter/4.3.5/system/CodeIgniter.php(934): App\Controllers\Home->index()
#9 /opt/lampp/htdocs/.webarbe/codeigniter/4.3.5/system/CodeIgniter.php(499): CodeIgniter\CodeIgniter->runController()
#10 /opt/lampp/htdocs/.webarbe/codeigniter/4.3.5/system/CodeIgniter.php(368): CodeIgniter\CodeIgniter->handleRequest()
#11 /opt/lampp/htdocs/.webarbe/codeigniter/4.3.5/public/index.php(67): CodeIgniter\CodeIgniter->run()
#12 /opt/lampp/htdocs/.webarbe/codeigniter/4.3.5/system/Commands/Server/rewrite.php(47): require_once('...')
#13 {main}

Next CodeIgniter\Database\Exceptions\DatabaseException: No such file or directory in /opt/lampp/htdocs/.webarbe/codeigniter/4.3.5/system/Database/MySQLi/Connection.php:218
Stack trace:
#0 /opt/lampp/htdocs/.webarbe/codeigniter/4.3.5/system/Database/BaseConnection.php(391): CodeIgniter\Database\MySQLi\Connection->connect()
#1 /opt/lampp/htdocs/.webarbe/codeigniter/4.3.5/system/Database/BaseConnection.php(574): CodeIgniter\Database\BaseConnection->initialize()
#2 /opt/lampp/htdocs/.webarbe/codeigniter/4.3.5/system/Database/BaseBuilder.php(2309): CodeIgniter\Database\BaseConnection->query()
#3 /opt/lampp/htdocs/.webarbe/codeigniter/4.3.5/system/Model.php(330): CodeIgniter\Database\BaseBuilder->insert()
#4 /opt/lampp/htdocs/.webarbe/codeigniter/4.3.5/system/BaseModel.php(782): CodeIgniter\Model->doInsert()
#5 /opt/lampp/htdocs/.webarbe/codeigniter/4.3.5/system/Model.php(730): CodeIgniter\BaseModel->insert()
#6 /opt/lampp/htdocs/.webarbe/codeigniter/4.3.5/app/Controllers/Home.php(28): CodeIgniter\Model->insert()
#7 /opt/lampp/htdocs/.webarbe/codeigniter/4.3.5/system/CodeIgniter.php(934): App\Controllers\Home->index()
#8 /opt/lampp/htdocs/.webarbe/codeigniter/4.3.5/system/CodeIgniter.php(499): CodeIgniter\CodeIgniter->runController()
#9 /opt/lampp/htdocs/.webarbe/codeigniter/4.3.5/system/CodeIgniter.php(368): CodeIgniter\CodeIgniter->handleRequest()
#10 /opt/lampp/htdocs/.webarbe/codeigniter/4.3.5/public/index.php(67): CodeIgniter\CodeIgniter->run()
#11 /opt/lampp/htdocs/.webarbe/codeigniter/4.3.5/system/Commands/Server/rewrite.php(47): require_once('...')
#12 {main}
CRITICAL - 2023-05-25 14:56:08 --> Unable to connect to the database.
Main connection [MySQLi]: No such file or directory
in SYSTEMPATH/Database/BaseConnection.php on line 427.
 1 SYSTEMPATH/Database/BaseConnection.php(574): CodeIgniter\Database\BaseConnection->initialize()
 2 SYSTEMPATH/Database/BaseBuilder.php(2309): CodeIgniter\Database\BaseConnection->query()
 3 SYSTEMPATH/Model.php(330): CodeIgniter\Database\BaseBuilder->insert()
 4 SYSTEMPATH/BaseModel.php(782): CodeIgniter\Model->doInsert()
 5 SYSTEMPATH/Model.php(730): CodeIgniter\BaseModel->insert()
 6 APPPATH/Controllers/Home.php(28): CodeIgniter\Model->insert()
 7 SYSTEMPATH/CodeIgniter.php(934): App\Controllers\Home->index()
 8 SYSTEMPATH/CodeIgniter.php(499): CodeIgniter\CodeIgniter->runController()
 9 SYSTEMPATH/CodeIgniter.php(368): CodeIgniter\CodeIgniter->handleRequest()
10 FCPATH/index.php(67): CodeIgniter\CodeIgniter->run()
11 SYSTEMPATH/Commands/Server/rewrite.php(47): require_once('/opt/lampp/htdocs/.webarbe/codeigniter/4.3.5/public/index.php')
