ERROR - 2023-05-26 08:20:10 --> Error connecting to the database: mysqli_sql_exception: No such file or directory in /opt/lampp/htdocs/.webarbe/codeigniter/4.3.5/system/Database/MySQLi/Connection.php:174
Stack trace:
#0 /opt/lampp/htdocs/.webarbe/codeigniter/4.3.5/system/Database/MySQLi/Connection.php(174): mysqli->real_connect()
#1 /opt/lampp/htdocs/.webarbe/codeigniter/4.3.5/system/Database/BaseConnection.php(391): CodeIgniter\Database\MySQLi\Connection->connect()
#2 /opt/lampp/htdocs/.webarbe/codeigniter/4.3.5/system/Database/BaseConnection.php(574): CodeIgniter\Database\BaseConnection->initialize()
#3 /opt/lampp/htdocs/.webarbe/codeigniter/4.3.5/app/Controllers/Home.php(14): CodeIgniter\Database\BaseConnection->query()
#4 /opt/lampp/htdocs/.webarbe/codeigniter/4.3.5/system/CodeIgniter.php(934): App\Controllers\Home->index()
#5 /opt/lampp/htdocs/.webarbe/codeigniter/4.3.5/system/CodeIgniter.php(499): CodeIgniter\CodeIgniter->runController()
#6 /opt/lampp/htdocs/.webarbe/codeigniter/4.3.5/system/CodeIgniter.php(368): CodeIgniter\CodeIgniter->handleRequest()
#7 /opt/lampp/htdocs/.webarbe/codeigniter/4.3.5/public/index.php(67): CodeIgniter\CodeIgniter->run()
#8 /opt/lampp/htdocs/.webarbe/codeigniter/4.3.5/system/Commands/Server/rewrite.php(47): require_once('...')
#9 {main}

Next CodeIgniter\Database\Exceptions\DatabaseException: No such file or directory in /opt/lampp/htdocs/.webarbe/codeigniter/4.3.5/system/Database/MySQLi/Connection.php:218
Stack trace:
#0 /opt/lampp/htdocs/.webarbe/codeigniter/4.3.5/system/Database/BaseConnection.php(391): CodeIgniter\Database\MySQLi\Connection->connect()
#1 /opt/lampp/htdocs/.webarbe/codeigniter/4.3.5/system/Database/BaseConnection.php(574): CodeIgniter\Database\BaseConnection->initialize()
#2 /opt/lampp/htdocs/.webarbe/codeigniter/4.3.5/app/Controllers/Home.php(14): CodeIgniter\Database\BaseConnection->query()
#3 /opt/lampp/htdocs/.webarbe/codeigniter/4.3.5/system/CodeIgniter.php(934): App\Controllers\Home->index()
#4 /opt/lampp/htdocs/.webarbe/codeigniter/4.3.5/system/CodeIgniter.php(499): CodeIgniter\CodeIgniter->runController()
#5 /opt/lampp/htdocs/.webarbe/codeigniter/4.3.5/system/CodeIgniter.php(368): CodeIgniter\CodeIgniter->handleRequest()
#6 /opt/lampp/htdocs/.webarbe/codeigniter/4.3.5/public/index.php(67): CodeIgniter\CodeIgniter->run()
#7 /opt/lampp/htdocs/.webarbe/codeigniter/4.3.5/system/Commands/Server/rewrite.php(47): require_once('...')
#8 {main}
CRITICAL - 2023-05-26 08:20:10 --> Unable to connect to the database.
Main connection [MySQLi]: No such file or directory
in SYSTEMPATH/Database/BaseConnection.php on line 427.
 1 SYSTEMPATH/Database/BaseConnection.php(574): CodeIgniter\Database\BaseConnection->initialize()
 2 APPPATH/Controllers/Home.php(14): CodeIgniter\Database\BaseConnection->query()
 3 SYSTEMPATH/CodeIgniter.php(934): App\Controllers\Home->index()
 4 SYSTEMPATH/CodeIgniter.php(499): CodeIgniter\CodeIgniter->runController()
 5 SYSTEMPATH/CodeIgniter.php(368): CodeIgniter\CodeIgniter->handleRequest()
 6 FCPATH/index.php(67): CodeIgniter\CodeIgniter->run()
 7 SYSTEMPATH/Commands/Server/rewrite.php(47): require_once('/opt/lampp/htdocs/.webarbe/codeigniter/4.3.5/public/index.php')
ERROR - 2023-05-26 08:21:59 --> Error connecting to the database: mysqli_sql_exception: No such file or directory in /opt/lampp/htdocs/.webarbe/codeigniter/4.3.5/system/Database/MySQLi/Connection.php:174
Stack trace:
#0 /opt/lampp/htdocs/.webarbe/codeigniter/4.3.5/system/Database/MySQLi/Connection.php(174): mysqli->real_connect()
#1 /opt/lampp/htdocs/.webarbe/codeigniter/4.3.5/system/Database/BaseConnection.php(391): CodeIgniter\Database\MySQLi\Connection->connect()
#2 /opt/lampp/htdocs/.webarbe/codeigniter/4.3.5/system/Database/BaseConnection.php(574): CodeIgniter\Database\BaseConnection->initialize()
#3 /opt/lampp/htdocs/.webarbe/codeigniter/4.3.5/system/Database/BaseConnection.php(1409): CodeIgniter\Database\BaseConnection->query()
#4 /opt/lampp/htdocs/.webarbe/codeigniter/4.3.5/system/Database/BaseConnection.php(1428): CodeIgniter\Database\BaseConnection->listTables()
#5 /opt/lampp/htdocs/.webarbe/codeigniter/4.3.5/system/Database/MigrationRunner.php(768): CodeIgniter\Database\BaseConnection->tableExists()
#6 /opt/lampp/htdocs/.webarbe/codeigniter/4.3.5/system/Database/MigrationRunner.php(168): CodeIgniter\Database\MigrationRunner->ensureTable()
#7 /opt/lampp/htdocs/.webarbe/codeigniter/4.3.5/system/Commands/Database/Migrate.php(84): CodeIgniter\Database\MigrationRunner->latest()
#8 /opt/lampp/htdocs/.webarbe/codeigniter/4.3.5/system/CLI/Commands.php(65): CodeIgniter\Commands\Database\Migrate->run()
#9 /opt/lampp/htdocs/.webarbe/codeigniter/4.3.5/system/CLI/Console.php(37): CodeIgniter\CLI\Commands->run()
#10 /opt/lampp/htdocs/.webarbe/codeigniter/4.3.5/spark(97): CodeIgniter\CLI\Console->run()
#11 {main}

Next CodeIgniter\Database\Exceptions\DatabaseException: No such file or directory in /opt/lampp/htdocs/.webarbe/codeigniter/4.3.5/system/Database/MySQLi/Connection.php:218
Stack trace:
#0 /opt/lampp/htdocs/.webarbe/codeigniter/4.3.5/system/Database/BaseConnection.php(391): CodeIgniter\Database\MySQLi\Connection->connect()
#1 /opt/lampp/htdocs/.webarbe/codeigniter/4.3.5/system/Database/BaseConnection.php(574): CodeIgniter\Database\BaseConnection->initialize()
#2 /opt/lampp/htdocs/.webarbe/codeigniter/4.3.5/system/Database/BaseConnection.php(1409): CodeIgniter\Database\BaseConnection->query()
#3 /opt/lampp/htdocs/.webarbe/codeigniter/4.3.5/system/Database/BaseConnection.php(1428): CodeIgniter\Database\BaseConnection->listTables()
#4 /opt/lampp/htdocs/.webarbe/codeigniter/4.3.5/system/Database/MigrationRunner.php(768): CodeIgniter\Database\BaseConnection->tableExists()
#5 /opt/lampp/htdocs/.webarbe/codeigniter/4.3.5/system/Database/MigrationRunner.php(168): CodeIgniter\Database\MigrationRunner->ensureTable()
#6 /opt/lampp/htdocs/.webarbe/codeigniter/4.3.5/system/Commands/Database/Migrate.php(84): CodeIgniter\Database\MigrationRunner->latest()
#7 /opt/lampp/htdocs/.webarbe/codeigniter/4.3.5/system/CLI/Commands.php(65): CodeIgniter\Commands\Database\Migrate->run()
#8 /opt/lampp/htdocs/.webarbe/codeigniter/4.3.5/system/CLI/Console.php(37): CodeIgniter\CLI\Commands->run()
#9 /opt/lampp/htdocs/.webarbe/codeigniter/4.3.5/spark(97): CodeIgniter\CLI\Console->run()
#10 {main}
ERROR - 2023-05-26 08:22:43 --> Error connecting to the database: mysqli_sql_exception: No such file or directory in /opt/lampp/htdocs/.webarbe/codeigniter/4.3.5/system/Database/MySQLi/Connection.php:174
Stack trace:
#0 /opt/lampp/htdocs/.webarbe/codeigniter/4.3.5/system/Database/MySQLi/Connection.php(174): mysqli->real_connect()
#1 /opt/lampp/htdocs/.webarbe/codeigniter/4.3.5/system/Database/BaseConnection.php(391): CodeIgniter\Database\MySQLi\Connection->connect()
#2 /opt/lampp/htdocs/.webarbe/codeigniter/4.3.5/system/Database/BaseConnection.php(574): CodeIgniter\Database\BaseConnection->initialize()
#3 /opt/lampp/htdocs/.webarbe/codeigniter/4.3.5/system/Database/BaseConnection.php(1409): CodeIgniter\Database\BaseConnection->query()
#4 /opt/lampp/htdocs/.webarbe/codeigniter/4.3.5/system/Database/BaseConnection.php(1428): CodeIgniter\Database\BaseConnection->listTables()
#5 /opt/lampp/htdocs/.webarbe/codeigniter/4.3.5/system/Database/MigrationRunner.php(768): CodeIgniter\Database\BaseConnection->tableExists()
#6 /opt/lampp/htdocs/.webarbe/codeigniter/4.3.5/system/Database/MigrationRunner.php(168): CodeIgniter\Database\MigrationRunner->ensureTable()
#7 /opt/lampp/htdocs/.webarbe/codeigniter/4.3.5/system/Commands/Database/Migrate.php(84): CodeIgniter\Database\MigrationRunner->latest()
#8 /opt/lampp/htdocs/.webarbe/codeigniter/4.3.5/system/CLI/Commands.php(65): CodeIgniter\Commands\Database\Migrate->run()
#9 /opt/lampp/htdocs/.webarbe/codeigniter/4.3.5/system/CLI/Console.php(37): CodeIgniter\CLI\Commands->run()
#10 /opt/lampp/htdocs/.webarbe/codeigniter/4.3.5/spark(97): CodeIgniter\CLI\Console->run()
#11 {main}

Next CodeIgniter\Database\Exceptions\DatabaseException: No such file or directory in /opt/lampp/htdocs/.webarbe/codeigniter/4.3.5/system/Database/MySQLi/Connection.php:218
Stack trace:
#0 /opt/lampp/htdocs/.webarbe/codeigniter/4.3.5/system/Database/BaseConnection.php(391): CodeIgniter\Database\MySQLi\Connection->connect()
#1 /opt/lampp/htdocs/.webarbe/codeigniter/4.3.5/system/Database/BaseConnection.php(574): CodeIgniter\Database\BaseConnection->initialize()
#2 /opt/lampp/htdocs/.webarbe/codeigniter/4.3.5/system/Database/BaseConnection.php(1409): CodeIgniter\Database\BaseConnection->query()
#3 /opt/lampp/htdocs/.webarbe/codeigniter/4.3.5/system/Database/BaseConnection.php(1428): CodeIgniter\Database\BaseConnection->listTables()
#4 /opt/lampp/htdocs/.webarbe/codeigniter/4.3.5/system/Database/MigrationRunner.php(768): CodeIgniter\Database\BaseConnection->tableExists()
#5 /opt/lampp/htdocs/.webarbe/codeigniter/4.3.5/system/Database/MigrationRunner.php(168): CodeIgniter\Database\MigrationRunner->ensureTable()
#6 /opt/lampp/htdocs/.webarbe/codeigniter/4.3.5/system/Commands/Database/Migrate.php(84): CodeIgniter\Database\MigrationRunner->latest()
#7 /opt/lampp/htdocs/.webarbe/codeigniter/4.3.5/system/CLI/Commands.php(65): CodeIgniter\Commands\Database\Migrate->run()
#8 /opt/lampp/htdocs/.webarbe/codeigniter/4.3.5/system/CLI/Console.php(37): CodeIgniter\CLI\Commands->run()
#9 /opt/lampp/htdocs/.webarbe/codeigniter/4.3.5/spark(97): CodeIgniter\CLI\Console->run()
#10 {main}
ERROR - 2023-05-26 08:23:44 --> Error connecting to the database: mysqli_sql_exception: No such file or directory in /opt/lampp/htdocs/.webarbe/codeigniter/4.3.5/system/Database/MySQLi/Connection.php:174
Stack trace:
#0 /opt/lampp/htdocs/.webarbe/codeigniter/4.3.5/system/Database/MySQLi/Connection.php(174): mysqli->real_connect()
#1 /opt/lampp/htdocs/.webarbe/codeigniter/4.3.5/system/Database/BaseConnection.php(391): CodeIgniter\Database\MySQLi\Connection->connect()
#2 /opt/lampp/htdocs/.webarbe/codeigniter/4.3.5/system/Database/BaseConnection.php(574): CodeIgniter\Database\BaseConnection->initialize()
#3 /opt/lampp/htdocs/.webarbe/codeigniter/4.3.5/app/Controllers/Home.php(14): CodeIgniter\Database\BaseConnection->query()
#4 /opt/lampp/htdocs/.webarbe/codeigniter/4.3.5/system/CodeIgniter.php(934): App\Controllers\Home->index()
#5 /opt/lampp/htdocs/.webarbe/codeigniter/4.3.5/system/CodeIgniter.php(499): CodeIgniter\CodeIgniter->runController()
#6 /opt/lampp/htdocs/.webarbe/codeigniter/4.3.5/system/CodeIgniter.php(368): CodeIgniter\CodeIgniter->handleRequest()
#7 /opt/lampp/htdocs/.webarbe/codeigniter/4.3.5/public/index.php(67): CodeIgniter\CodeIgniter->run()
#8 /opt/lampp/htdocs/.webarbe/codeigniter/4.3.5/system/Commands/Server/rewrite.php(47): require_once('...')
#9 {main}

Next CodeIgniter\Database\Exceptions\DatabaseException: No such file or directory in /opt/lampp/htdocs/.webarbe/codeigniter/4.3.5/system/Database/MySQLi/Connection.php:218
Stack trace:
#0 /opt/lampp/htdocs/.webarbe/codeigniter/4.3.5/system/Database/BaseConnection.php(391): CodeIgniter\Database\MySQLi\Connection->connect()
#1 /opt/lampp/htdocs/.webarbe/codeigniter/4.3.5/system/Database/BaseConnection.php(574): CodeIgniter\Database\BaseConnection->initialize()
#2 /opt/lampp/htdocs/.webarbe/codeigniter/4.3.5/app/Controllers/Home.php(14): CodeIgniter\Database\BaseConnection->query()
#3 /opt/lampp/htdocs/.webarbe/codeigniter/4.3.5/system/CodeIgniter.php(934): App\Controllers\Home->index()
#4 /opt/lampp/htdocs/.webarbe/codeigniter/4.3.5/system/CodeIgniter.php(499): CodeIgniter\CodeIgniter->runController()
#5 /opt/lampp/htdocs/.webarbe/codeigniter/4.3.5/system/CodeIgniter.php(368): CodeIgniter\CodeIgniter->handleRequest()
#6 /opt/lampp/htdocs/.webarbe/codeigniter/4.3.5/public/index.php(67): CodeIgniter\CodeIgniter->run()
#7 /opt/lampp/htdocs/.webarbe/codeigniter/4.3.5/system/Commands/Server/rewrite.php(47): require_once('...')
#8 {main}
CRITICAL - 2023-05-26 08:23:44 --> Unable to connect to the database.
Main connection [MySQLi]: No such file or directory
in SYSTEMPATH/Database/BaseConnection.php on line 427.
 1 SYSTEMPATH/Database/BaseConnection.php(574): CodeIgniter\Database\BaseConnection->initialize()
 2 APPPATH/Controllers/Home.php(14): CodeIgniter\Database\BaseConnection->query()
 3 SYSTEMPATH/CodeIgniter.php(934): App\Controllers\Home->index()
 4 SYSTEMPATH/CodeIgniter.php(499): CodeIgniter\CodeIgniter->runController()
 5 SYSTEMPATH/CodeIgniter.php(368): CodeIgniter\CodeIgniter->handleRequest()
 6 FCPATH/index.php(67): CodeIgniter\CodeIgniter->run()
 7 SYSTEMPATH/Commands/Server/rewrite.php(47): require_once('/opt/lampp/htdocs/.webarbe/codeigniter/4.3.5/public/index.php')
ERROR - 2023-05-26 08:28:13 --> Error connecting to the database: mysqli_sql_exception: No such file or directory in /opt/lampp/htdocs/.webarbe/codeigniter/4.3.5/system/Database/MySQLi/Connection.php:174
Stack trace:
#0 /opt/lampp/htdocs/.webarbe/codeigniter/4.3.5/system/Database/MySQLi/Connection.php(174): mysqli->real_connect()
#1 /opt/lampp/htdocs/.webarbe/codeigniter/4.3.5/system/Database/BaseConnection.php(391): CodeIgniter\Database\MySQLi\Connection->connect()
#2 /opt/lampp/htdocs/.webarbe/codeigniter/4.3.5/system/Database/BaseConnection.php(574): CodeIgniter\Database\BaseConnection->initialize()
#3 /opt/lampp/htdocs/.webarbe/codeigniter/4.3.5/app/Controllers/Home.php(14): CodeIgniter\Database\BaseConnection->query()
#4 /opt/lampp/htdocs/.webarbe/codeigniter/4.3.5/system/CodeIgniter.php(934): App\Controllers\Home->index()
#5 /opt/lampp/htdocs/.webarbe/codeigniter/4.3.5/system/CodeIgniter.php(499): CodeIgniter\CodeIgniter->runController()
#6 /opt/lampp/htdocs/.webarbe/codeigniter/4.3.5/system/CodeIgniter.php(368): CodeIgniter\CodeIgniter->handleRequest()
#7 /opt/lampp/htdocs/.webarbe/codeigniter/4.3.5/public/index.php(67): CodeIgniter\CodeIgniter->run()
#8 /opt/lampp/htdocs/.webarbe/codeigniter/4.3.5/system/Commands/Server/rewrite.php(47): require_once('...')
#9 {main}

Next CodeIgniter\Database\Exceptions\DatabaseException: No such file or directory in /opt/lampp/htdocs/.webarbe/codeigniter/4.3.5/system/Database/MySQLi/Connection.php:218
Stack trace:
#0 /opt/lampp/htdocs/.webarbe/codeigniter/4.3.5/system/Database/BaseConnection.php(391): CodeIgniter\Database\MySQLi\Connection->connect()
#1 /opt/lampp/htdocs/.webarbe/codeigniter/4.3.5/system/Database/BaseConnection.php(574): CodeIgniter\Database\BaseConnection->initialize()
#2 /opt/lampp/htdocs/.webarbe/codeigniter/4.3.5/app/Controllers/Home.php(14): CodeIgniter\Database\BaseConnection->query()
#3 /opt/lampp/htdocs/.webarbe/codeigniter/4.3.5/system/CodeIgniter.php(934): App\Controllers\Home->index()
#4 /opt/lampp/htdocs/.webarbe/codeigniter/4.3.5/system/CodeIgniter.php(499): CodeIgniter\CodeIgniter->runController()
#5 /opt/lampp/htdocs/.webarbe/codeigniter/4.3.5/system/CodeIgniter.php(368): CodeIgniter\CodeIgniter->handleRequest()
#6 /opt/lampp/htdocs/.webarbe/codeigniter/4.3.5/public/index.php(67): CodeIgniter\CodeIgniter->run()
#7 /opt/lampp/htdocs/.webarbe/codeigniter/4.3.5/system/Commands/Server/rewrite.php(47): require_once('...')
#8 {main}
CRITICAL - 2023-05-26 08:28:13 --> Unable to connect to the database.
Main connection [MySQLi]: No such file or directory
in SYSTEMPATH/Database/BaseConnection.php on line 427.
 1 SYSTEMPATH/Database/BaseConnection.php(574): CodeIgniter\Database\BaseConnection->initialize()
 2 APPPATH/Controllers/Home.php(14): CodeIgniter\Database\BaseConnection->query()
 3 SYSTEMPATH/CodeIgniter.php(934): App\Controllers\Home->index()
 4 SYSTEMPATH/CodeIgniter.php(499): CodeIgniter\CodeIgniter->runController()
 5 SYSTEMPATH/CodeIgniter.php(368): CodeIgniter\CodeIgniter->handleRequest()
 6 FCPATH/index.php(67): CodeIgniter\CodeIgniter->run()
 7 SYSTEMPATH/Commands/Server/rewrite.php(47): require_once('/opt/lampp/htdocs/.webarbe/codeigniter/4.3.5/public/index.php')
WARNING - 2023-05-26 08:46:28 --> [DEPRECATED] password_hash(): Passing null to parameter #1 ($password) of type string is deprecated in APPPATH/Controllers/Register.php on line 23.
 1 APPPATH/Controllers/Register.php(23): password_hash(null, '2y')
 2 SYSTEMPATH/CodeIgniter.php(934): App\Controllers\Register->do_register()
 3 SYSTEMPATH/CodeIgniter.php(499): CodeIgniter\CodeIgniter->runController(Object(App\Controllers\Register))
 4 SYSTEMPATH/CodeIgniter.php(368): CodeIgniter\CodeIgniter->handleRequest(null, Object(Config\Cache), false)
 5 FCPATH/index.php(67): CodeIgniter\CodeIgniter->run()
 6 SYSTEMPATH/Commands/Server/rewrite.php(47): require_once('/opt/lampp/htdocs/.webarbe/codeigniter/4.3.5/public/index.php')
WARNING - 2023-05-26 08:46:54 --> [DEPRECATED] password_hash(): Passing null to parameter #1 ($password) of type string is deprecated in APPPATH/Controllers/Register.php on line 23.
 1 APPPATH/Controllers/Register.php(23): password_hash(null, '2y')
 2 SYSTEMPATH/CodeIgniter.php(934): App\Controllers\Register->do_register()
 3 SYSTEMPATH/CodeIgniter.php(499): CodeIgniter\CodeIgniter->runController(Object(App\Controllers\Register))
 4 SYSTEMPATH/CodeIgniter.php(368): CodeIgniter\CodeIgniter->handleRequest(null, Object(Config\Cache), false)
 5 FCPATH/index.php(67): CodeIgniter\CodeIgniter->run()
 6 SYSTEMPATH/Commands/Server/rewrite.php(47): require_once('/opt/lampp/htdocs/.webarbe/codeigniter/4.3.5/public/index.php')
WARNING - 2023-05-26 08:47:11 --> [DEPRECATED] password_hash(): Passing null to parameter #1 ($password) of type string is deprecated in APPPATH/Controllers/Register.php on line 23.
 1 APPPATH/Controllers/Register.php(23): password_hash(null, '2y')
 2 SYSTEMPATH/CodeIgniter.php(934): App\Controllers\Register->do_register()
 3 SYSTEMPATH/CodeIgniter.php(499): CodeIgniter\CodeIgniter->runController(Object(App\Controllers\Register))
 4 SYSTEMPATH/CodeIgniter.php(368): CodeIgniter\CodeIgniter->handleRequest(null, Object(Config\Cache), false)
 5 FCPATH/index.php(67): CodeIgniter\CodeIgniter->run()
 6 SYSTEMPATH/Commands/Server/rewrite.php(47): require_once('/opt/lampp/htdocs/.webarbe/codeigniter/4.3.5/public/index.php')
CRITICAL - 2023-05-26 09:07:25 --> Attempt to read property "id" on null
in APPPATH/Controllers/Login.php on line 26.
 1 APPPATH/Controllers/Login.php(26): CodeIgniter\Debug\Exceptions->errorHandler()
 2 SYSTEMPATH/CodeIgniter.php(934): App\Controllers\Login->do_login()
 3 SYSTEMPATH/CodeIgniter.php(499): CodeIgniter\CodeIgniter->runController()
 4 SYSTEMPATH/CodeIgniter.php(368): CodeIgniter\CodeIgniter->handleRequest()
 5 FCPATH/index.php(67): CodeIgniter\CodeIgniter->run()
 6 SYSTEMPATH/Commands/Server/rewrite.php(47): require_once('/opt/lampp/htdocs/.webarbe/codeigniter/4.3.5/public/index.php')
CRITICAL - 2023-05-26 09:08:51 --> Attempt to read property "id" on null
in APPPATH/Controllers/Login.php on line 26.
 1 APPPATH/Controllers/Login.php(26): CodeIgniter\Debug\Exceptions->errorHandler()
 2 SYSTEMPATH/CodeIgniter.php(934): App\Controllers\Login->do_login()
 3 SYSTEMPATH/CodeIgniter.php(499): CodeIgniter\CodeIgniter->runController()
 4 SYSTEMPATH/CodeIgniter.php(368): CodeIgniter\CodeIgniter->handleRequest()
 5 FCPATH/index.php(67): CodeIgniter\CodeIgniter->run()
 6 SYSTEMPATH/Commands/Server/rewrite.php(47): require_once('/opt/lampp/htdocs/.webarbe/codeigniter/4.3.5/public/index.php')
CRITICAL - 2023-05-26 09:09:51 --> Attempt to read property "id" on null
in APPPATH/Controllers/Login.php on line 26.
 1 APPPATH/Controllers/Login.php(26): CodeIgniter\Debug\Exceptions->errorHandler()
 2 SYSTEMPATH/CodeIgniter.php(934): App\Controllers\Login->do_login()
 3 SYSTEMPATH/CodeIgniter.php(499): CodeIgniter\CodeIgniter->runController()
 4 SYSTEMPATH/CodeIgniter.php(368): CodeIgniter\CodeIgniter->handleRequest()
 5 FCPATH/index.php(67): CodeIgniter\CodeIgniter->run()
 6 SYSTEMPATH/Commands/Server/rewrite.php(47): require_once('/opt/lampp/htdocs/.webarbe/codeigniter/4.3.5/public/index.php')
CRITICAL - 2023-05-26 09:10:45 --> Attempt to read property "id" on null
in APPPATH/Controllers/Login.php on line 26.
 1 APPPATH/Controllers/Login.php(26): CodeIgniter\Debug\Exceptions->errorHandler()
 2 SYSTEMPATH/CodeIgniter.php(934): App\Controllers\Login->do_login()
 3 SYSTEMPATH/CodeIgniter.php(499): CodeIgniter\CodeIgniter->runController()
 4 SYSTEMPATH/CodeIgniter.php(368): CodeIgniter\CodeIgniter->handleRequest()
 5 FCPATH/index.php(67): CodeIgniter\CodeIgniter->run()
 6 SYSTEMPATH/Commands/Server/rewrite.php(47): require_once('/opt/lampp/htdocs/.webarbe/codeigniter/4.3.5/public/index.php')
CRITICAL - 2023-05-26 09:10:58 --> Attempt to read property "id" on null
in APPPATH/Controllers/Login.php on line 26.
 1 APPPATH/Controllers/Login.php(26): CodeIgniter\Debug\Exceptions->errorHandler()
 2 SYSTEMPATH/CodeIgniter.php(934): App\Controllers\Login->do_login()
 3 SYSTEMPATH/CodeIgniter.php(499): CodeIgniter\CodeIgniter->runController()
 4 SYSTEMPATH/CodeIgniter.php(368): CodeIgniter\CodeIgniter->handleRequest()
 5 FCPATH/index.php(67): CodeIgniter\CodeIgniter->run()
 6 SYSTEMPATH/Commands/Server/rewrite.php(47): require_once('/opt/lampp/htdocs/.webarbe/codeigniter/4.3.5/public/index.php')
CRITICAL - 2023-05-26 09:16:48 --> Attempt to read property "id" on null
in APPPATH/Controllers/Login.php on line 26.
 1 APPPATH/Controllers/Login.php(26): CodeIgniter\Debug\Exceptions->errorHandler()
 2 SYSTEMPATH/CodeIgniter.php(934): App\Controllers\Login->do_login()
 3 SYSTEMPATH/CodeIgniter.php(499): CodeIgniter\CodeIgniter->runController()
 4 SYSTEMPATH/CodeIgniter.php(368): CodeIgniter\CodeIgniter->handleRequest()
 5 FCPATH/index.php(67): CodeIgniter\CodeIgniter->run()
 6 SYSTEMPATH/Commands/Server/rewrite.php(47): require_once('/opt/lampp/htdocs/.webarbe/codeigniter/4.3.5/public/index.php')
CRITICAL - 2023-05-26 09:19:31 --> Attempt to read property "id" on null
in APPPATH/Controllers/Login.php on line 26.
 1 APPPATH/Controllers/Login.php(26): CodeIgniter\Debug\Exceptions->errorHandler()
 2 SYSTEMPATH/CodeIgniter.php(934): App\Controllers\Login->do_login()
 3 SYSTEMPATH/CodeIgniter.php(499): CodeIgniter\CodeIgniter->runController()
 4 SYSTEMPATH/CodeIgniter.php(368): CodeIgniter\CodeIgniter->handleRequest()
 5 FCPATH/index.php(67): CodeIgniter\CodeIgniter->run()
 6 SYSTEMPATH/Commands/Server/rewrite.php(47): require_once('/opt/lampp/htdocs/.webarbe/codeigniter/4.3.5/public/index.php')
ERROR - 2023-05-26 09:48:30 --> mysqli_sql_exception: You have an error in your SQL syntax; check the manual that corresponds to your MariaDB server version for the right syntax to use near '?' at line 1 in /opt/lampp/htdocs/.webarbe/codeigniter/4.3.5/system/Database/MySQLi/Connection.php:295
Stack trace:
#0 /opt/lampp/htdocs/.webarbe/codeigniter/4.3.5/system/Database/MySQLi/Connection.php(295): mysqli->query()
#1 /opt/lampp/htdocs/.webarbe/codeigniter/4.3.5/system/Database/BaseConnection.php(692): CodeIgniter\Database\MySQLi\Connection->execute()
#2 /opt/lampp/htdocs/.webarbe/codeigniter/4.3.5/system/Database/BaseConnection.php(606): CodeIgniter\Database\BaseConnection->simpleQuery()
#3 /opt/lampp/htdocs/.webarbe/codeigniter/4.3.5/app/Controllers/Login.php(29): CodeIgniter\Database\BaseConnection->query()
#4 /opt/lampp/htdocs/.webarbe/codeigniter/4.3.5/system/CodeIgniter.php(934): App\Controllers\Login->do_login()
#5 /opt/lampp/htdocs/.webarbe/codeigniter/4.3.5/system/CodeIgniter.php(499): CodeIgniter\CodeIgniter->runController()
#6 /opt/lampp/htdocs/.webarbe/codeigniter/4.3.5/system/CodeIgniter.php(368): CodeIgniter\CodeIgniter->handleRequest()
#7 /opt/lampp/htdocs/.webarbe/codeigniter/4.3.5/public/index.php(67): CodeIgniter\CodeIgniter->run()
#8 /opt/lampp/htdocs/.webarbe/codeigniter/4.3.5/system/Commands/Server/rewrite.php(47): require_once('...')
#9 {main}
CRITICAL - 2023-05-26 09:48:30 --> You have an error in your SQL syntax; check the manual that corresponds to your MariaDB server version for the right syntax to use near '?' at line 1
in SYSTEMPATH/Database/MySQLi/Connection.php on line 295.
 1 SYSTEMPATH/Database/MySQLi/Connection.php(295): mysqli->query()
 2 SYSTEMPATH/Database/BaseConnection.php(692): CodeIgniter\Database\MySQLi\Connection->execute()
 3 SYSTEMPATH/Database/BaseConnection.php(606): CodeIgniter\Database\BaseConnection->simpleQuery()
 4 APPPATH/Controllers/Login.php(29): CodeIgniter\Database\BaseConnection->query()
 5 SYSTEMPATH/CodeIgniter.php(934): App\Controllers\Login->do_login()
 6 SYSTEMPATH/CodeIgniter.php(499): CodeIgniter\CodeIgniter->runController()
 7 SYSTEMPATH/CodeIgniter.php(368): CodeIgniter\CodeIgniter->handleRequest()
 8 FCPATH/index.php(67): CodeIgniter\CodeIgniter->run()
 9 SYSTEMPATH/Commands/Server/rewrite.php(47): require_once('/opt/lampp/htdocs/.webarbe/codeigniter/4.3.5/public/index.php')
ERROR - 2023-05-26 09:48:54 --> mysqli_sql_exception: You have an error in your SQL syntax; check the manual that corresponds to your MariaDB server version for the right syntax to use near '@gmail.com' at line 1 in /opt/lampp/htdocs/.webarbe/codeigniter/4.3.5/system/Database/MySQLi/Connection.php:295
Stack trace:
#0 /opt/lampp/htdocs/.webarbe/codeigniter/4.3.5/system/Database/MySQLi/Connection.php(295): mysqli->query()
#1 /opt/lampp/htdocs/.webarbe/codeigniter/4.3.5/system/Database/BaseConnection.php(692): CodeIgniter\Database\MySQLi\Connection->execute()
#2 /opt/lampp/htdocs/.webarbe/codeigniter/4.3.5/system/Database/BaseConnection.php(606): CodeIgniter\Database\BaseConnection->simpleQuery()
#3 /opt/lampp/htdocs/.webarbe/codeigniter/4.3.5/app/Controllers/Login.php(29): CodeIgniter\Database\BaseConnection->query()
#4 /opt/lampp/htdocs/.webarbe/codeigniter/4.3.5/system/CodeIgniter.php(934): App\Controllers\Login->do_login()
#5 /opt/lampp/htdocs/.webarbe/codeigniter/4.3.5/system/CodeIgniter.php(499): CodeIgniter\CodeIgniter->runController()
#6 /opt/lampp/htdocs/.webarbe/codeigniter/4.3.5/system/CodeIgniter.php(368): CodeIgniter\CodeIgniter->handleRequest()
#7 /opt/lampp/htdocs/.webarbe/codeigniter/4.3.5/public/index.php(67): CodeIgniter\CodeIgniter->run()
#8 /opt/lampp/htdocs/.webarbe/codeigniter/4.3.5/system/Commands/Server/rewrite.php(47): require_once('...')
#9 {main}
CRITICAL - 2023-05-26 09:48:54 --> You have an error in your SQL syntax; check the manual that corresponds to your MariaDB server version for the right syntax to use near '@gmail.com' at line 1
in SYSTEMPATH/Database/MySQLi/Connection.php on line 295.
 1 SYSTEMPATH/Database/MySQLi/Connection.php(295): mysqli->query()
 2 SYSTEMPATH/Database/BaseConnection.php(692): CodeIgniter\Database\MySQLi\Connection->execute()
 3 SYSTEMPATH/Database/BaseConnection.php(606): CodeIgniter\Database\BaseConnection->simpleQuery()
 4 APPPATH/Controllers/Login.php(29): CodeIgniter\Database\BaseConnection->query()
 5 SYSTEMPATH/CodeIgniter.php(934): App\Controllers\Login->do_login()
 6 SYSTEMPATH/CodeIgniter.php(499): CodeIgniter\CodeIgniter->runController()
 7 SYSTEMPATH/CodeIgniter.php(368): CodeIgniter\CodeIgniter->handleRequest()
 8 FCPATH/index.php(67): CodeIgniter\CodeIgniter->run()
 9 SYSTEMPATH/Commands/Server/rewrite.php(47): require_once('/opt/lampp/htdocs/.webarbe/codeigniter/4.3.5/public/index.php')
CRITICAL - 2023-05-26 09:49:49 --> Attempt to read property "id" on array
in APPPATH/Controllers/Login.php on line 36.
 1 APPPATH/Controllers/Login.php(36): CodeIgniter\Debug\Exceptions->errorHandler()
 2 SYSTEMPATH/CodeIgniter.php(934): App\Controllers\Login->do_login()
 3 SYSTEMPATH/CodeIgniter.php(499): CodeIgniter\CodeIgniter->runController()
 4 SYSTEMPATH/CodeIgniter.php(368): CodeIgniter\CodeIgniter->handleRequest()
 5 FCPATH/index.php(67): CodeIgniter\CodeIgniter->run()
 6 SYSTEMPATH/Commands/Server/rewrite.php(47): require_once('/opt/lampp/htdocs/.webarbe/codeigniter/4.3.5/public/index.php')
CRITICAL - 2023-05-26 09:50:45 --> Undefined array key "id"
in APPPATH/Controllers/Login.php on line 34.
 1 APPPATH/Controllers/Login.php(34): CodeIgniter\Debug\Exceptions->errorHandler()
 2 SYSTEMPATH/CodeIgniter.php(934): App\Controllers\Login->do_login()
 3 SYSTEMPATH/CodeIgniter.php(499): CodeIgniter\CodeIgniter->runController()
 4 SYSTEMPATH/CodeIgniter.php(368): CodeIgniter\CodeIgniter->handleRequest()
 5 FCPATH/index.php(67): CodeIgniter\CodeIgniter->run()
 6 SYSTEMPATH/Commands/Server/rewrite.php(47): require_once('/opt/lampp/htdocs/.webarbe/codeigniter/4.3.5/public/index.php')
CRITICAL - 2023-05-26 09:54:50 --> syntax error, unexpected token "echo", expecting ";"
in APPPATH/Controllers/Login.php on line 42.
 1 SYSTEMPATH/Router/Router.php(507): CodeIgniter\Router\AutoRouter->getRoute()
 2 SYSTEMPATH/Router/Router.php(206): CodeIgniter\Router\Router->autoRoute()
 3 SYSTEMPATH/CodeIgniter.php(815): CodeIgniter\Router\Router->handle()
 4 SYSTEMPATH/CodeIgniter.php(449): CodeIgniter\CodeIgniter->tryToRouteIt()
 5 SYSTEMPATH/CodeIgniter.php(368): CodeIgniter\CodeIgniter->handleRequest()
 6 FCPATH/index.php(67): CodeIgniter\CodeIgniter->run()
 7 SYSTEMPATH/Commands/Server/rewrite.php(47): require_once('/opt/lampp/htdocs/.webarbe/codeigniter/4.3.5/public/index.php')
CRITICAL - 2023-05-26 09:55:29 --> syntax error, unexpected identifier "print_r", expecting ";"
in APPPATH/Controllers/Login.php on line 42.
 1 SYSTEMPATH/Router/Router.php(507): CodeIgniter\Router\AutoRouter->getRoute()
 2 SYSTEMPATH/Router/Router.php(206): CodeIgniter\Router\Router->autoRoute()
 3 SYSTEMPATH/CodeIgniter.php(815): CodeIgniter\Router\Router->handle()
 4 SYSTEMPATH/CodeIgniter.php(449): CodeIgniter\CodeIgniter->tryToRouteIt()
 5 SYSTEMPATH/CodeIgniter.php(368): CodeIgniter\CodeIgniter->handleRequest()
 6 FCPATH/index.php(67): CodeIgniter\CodeIgniter->run()
 7 SYSTEMPATH/Commands/Server/rewrite.php(47): require_once('/opt/lampp/htdocs/.webarbe/codeigniter/4.3.5/public/index.php')
CRITICAL - 2023-05-26 09:55:43 --> syntax error, unexpected token "echo", expecting ";"
in APPPATH/Controllers/Login.php on line 42.
 1 SYSTEMPATH/Router/Router.php(507): CodeIgniter\Router\AutoRouter->getRoute()
 2 SYSTEMPATH/Router/Router.php(206): CodeIgniter\Router\Router->autoRoute()
 3 SYSTEMPATH/CodeIgniter.php(815): CodeIgniter\Router\Router->handle()
 4 SYSTEMPATH/CodeIgniter.php(449): CodeIgniter\CodeIgniter->tryToRouteIt()
 5 SYSTEMPATH/CodeIgniter.php(368): CodeIgniter\CodeIgniter->handleRequest()
 6 FCPATH/index.php(67): CodeIgniter\CodeIgniter->run()
 7 SYSTEMPATH/Commands/Server/rewrite.php(47): require_once('/opt/lampp/htdocs/.webarbe/codeigniter/4.3.5/public/index.php')
CRITICAL - 2023-05-26 09:56:08 --> syntax error, unexpected token "}", expecting ";"
in APPPATH/Controllers/Login.php on line 60.
 1 SYSTEMPATH/Router/Router.php(507): CodeIgniter\Router\AutoRouter->getRoute()
 2 SYSTEMPATH/Router/Router.php(206): CodeIgniter\Router\Router->autoRoute()
 3 SYSTEMPATH/CodeIgniter.php(815): CodeIgniter\Router\Router->handle()
 4 SYSTEMPATH/CodeIgniter.php(449): CodeIgniter\CodeIgniter->tryToRouteIt()
 5 SYSTEMPATH/CodeIgniter.php(368): CodeIgniter\CodeIgniter->handleRequest()
 6 FCPATH/index.php(67): CodeIgniter\CodeIgniter->run()
 7 SYSTEMPATH/Commands/Server/rewrite.php(47): require_once('/opt/lampp/htdocs/.webarbe/codeigniter/4.3.5/public/index.php')
CRITICAL - 2023-05-26 09:57:11 --> Call to undefined function App\Controllers\rowCount()
in APPPATH/Controllers/Login.php on line 33.
 1 SYSTEMPATH/CodeIgniter.php(934): App\Controllers\Login->do_login()
 2 SYSTEMPATH/CodeIgniter.php(499): CodeIgniter\CodeIgniter->runController()
 3 SYSTEMPATH/CodeIgniter.php(368): CodeIgniter\CodeIgniter->handleRequest()
 4 FCPATH/index.php(67): CodeIgniter\CodeIgniter->run()
 5 SYSTEMPATH/Commands/Server/rewrite.php(47): require_once('/opt/lampp/htdocs/.webarbe/codeigniter/4.3.5/public/index.php')
CRITICAL - 2023-05-26 09:59:17 --> Call to a member function countAll() on array
in APPPATH/Controllers/Login.php on line 33.
 1 SYSTEMPATH/CodeIgniter.php(934): App\Controllers\Login->do_login()
 2 SYSTEMPATH/CodeIgniter.php(499): CodeIgniter\CodeIgniter->runController()
 3 SYSTEMPATH/CodeIgniter.php(368): CodeIgniter\CodeIgniter->handleRequest()
 4 FCPATH/index.php(67): CodeIgniter\CodeIgniter->run()
 5 SYSTEMPATH/Commands/Server/rewrite.php(47): require_once('/opt/lampp/htdocs/.webarbe/codeigniter/4.3.5/public/index.php')
CRITICAL - 2023-05-26 10:00:02 --> Call to a member function count() on array
in APPPATH/Controllers/Login.php on line 33.
 1 SYSTEMPATH/CodeIgniter.php(934): App\Controllers\Login->do_login()
 2 SYSTEMPATH/CodeIgniter.php(499): CodeIgniter\CodeIgniter->runController()
 3 SYSTEMPATH/CodeIgniter.php(368): CodeIgniter\CodeIgniter->handleRequest()
 4 FCPATH/index.php(67): CodeIgniter\CodeIgniter->run()
 5 SYSTEMPATH/Commands/Server/rewrite.php(47): require_once('/opt/lampp/htdocs/.webarbe/codeigniter/4.3.5/public/index.php')
CRITICAL - 2023-05-26 10:01:58 --> Object of class stdClass could not be converted to string
in APPPATH/Controllers/Login.php on line 42.
 1 SYSTEMPATH/CodeIgniter.php(934): App\Controllers\Login->do_login()
 2 SYSTEMPATH/CodeIgniter.php(499): CodeIgniter\CodeIgniter->runController()
 3 SYSTEMPATH/CodeIgniter.php(368): CodeIgniter\CodeIgniter->handleRequest()
 4 FCPATH/index.php(67): CodeIgniter\CodeIgniter->run()
 5 SYSTEMPATH/Commands/Server/rewrite.php(47): require_once('/opt/lampp/htdocs/.webarbe/codeigniter/4.3.5/public/index.php')
CRITICAL - 2023-05-26 10:02:16 --> Array to string conversion
in APPPATH/Controllers/Login.php on line 42.
 1 APPPATH/Controllers/Login.php(42): CodeIgniter\Debug\Exceptions->errorHandler()
 2 SYSTEMPATH/CodeIgniter.php(934): App\Controllers\Login->do_login()
 3 SYSTEMPATH/CodeIgniter.php(499): CodeIgniter\CodeIgniter->runController()
 4 SYSTEMPATH/CodeIgniter.php(368): CodeIgniter\CodeIgniter->handleRequest()
 5 FCPATH/index.php(67): CodeIgniter\CodeIgniter->run()
 6 SYSTEMPATH/Commands/Server/rewrite.php(47): require_once('/opt/lampp/htdocs/.webarbe/codeigniter/4.3.5/public/index.php')
CRITICAL - 2023-05-26 10:03:37 --> Attempt to read property "id" on string
in APPPATH/Controllers/Login.php on line 37.
 1 APPPATH/Controllers/Login.php(37): CodeIgniter\Debug\Exceptions->errorHandler()
 2 SYSTEMPATH/CodeIgniter.php(934): App\Controllers\Login->do_login()
 3 SYSTEMPATH/CodeIgniter.php(499): CodeIgniter\CodeIgniter->runController()
 4 SYSTEMPATH/CodeIgniter.php(368): CodeIgniter\CodeIgniter->handleRequest()
 5 FCPATH/index.php(67): CodeIgniter\CodeIgniter->run()
 6 SYSTEMPATH/Commands/Server/rewrite.php(47): require_once('/opt/lampp/htdocs/.webarbe/codeigniter/4.3.5/public/index.php')
CRITICAL - 2023-05-26 10:03:56 --> Cannot access offset of type string on string
in APPPATH/Controllers/Login.php on line 37.
 1 SYSTEMPATH/CodeIgniter.php(934): App\Controllers\Login->do_login()
 2 SYSTEMPATH/CodeIgniter.php(499): CodeIgniter\CodeIgniter->runController()
 3 SYSTEMPATH/CodeIgniter.php(368): CodeIgniter\CodeIgniter->handleRequest()
 4 FCPATH/index.php(67): CodeIgniter\CodeIgniter->run()
 5 SYSTEMPATH/Commands/Server/rewrite.php(47): require_once('/opt/lampp/htdocs/.webarbe/codeigniter/4.3.5/public/index.php')
CRITICAL - 2023-05-26 10:04:09 --> Attempt to read property "email" on string
in APPPATH/Controllers/Login.php on line 37.
 1 APPPATH/Controllers/Login.php(37): CodeIgniter\Debug\Exceptions->errorHandler()
 2 SYSTEMPATH/CodeIgniter.php(934): App\Controllers\Login->do_login()
 3 SYSTEMPATH/CodeIgniter.php(499): CodeIgniter\CodeIgniter->runController()
 4 SYSTEMPATH/CodeIgniter.php(368): CodeIgniter\CodeIgniter->handleRequest()
 5 FCPATH/index.php(67): CodeIgniter\CodeIgniter->run()
 6 SYSTEMPATH/Commands/Server/rewrite.php(47): require_once('/opt/lampp/htdocs/.webarbe/codeigniter/4.3.5/public/index.php')
CRITICAL - 2023-05-26 10:07:18 --> Undefined variable $id
in APPPATH/Controllers/Login.php on line 40.
 1 APPPATH/Controllers/Login.php(40): CodeIgniter\Debug\Exceptions->errorHandler()
 2 SYSTEMPATH/CodeIgniter.php(934): App\Controllers\Login->do_login()
 3 SYSTEMPATH/CodeIgniter.php(499): CodeIgniter\CodeIgniter->runController()
 4 SYSTEMPATH/CodeIgniter.php(368): CodeIgniter\CodeIgniter->handleRequest()
 5 FCPATH/index.php(67): CodeIgniter\CodeIgniter->run()
 6 SYSTEMPATH/Commands/Server/rewrite.php(47): require_once('/opt/lampp/htdocs/.webarbe/codeigniter/4.3.5/public/index.php')
CRITICAL - 2023-05-26 10:07:41 --> Undefined variable $id
in APPPATH/Controllers/Login.php on line 40.
 1 APPPATH/Controllers/Login.php(40): CodeIgniter\Debug\Exceptions->errorHandler()
 2 SYSTEMPATH/CodeIgniter.php(934): App\Controllers\Login->do_login()
 3 SYSTEMPATH/CodeIgniter.php(499): CodeIgniter\CodeIgniter->runController()
 4 SYSTEMPATH/CodeIgniter.php(368): CodeIgniter\CodeIgniter->handleRequest()
 5 FCPATH/index.php(67): CodeIgniter\CodeIgniter->run()
 6 SYSTEMPATH/Commands/Server/rewrite.php(47): require_once('/opt/lampp/htdocs/.webarbe/codeigniter/4.3.5/public/index.php')
CRITICAL - 2023-05-26 10:21:31 --> Attempt to read property "id" on null
in APPPATH/Controllers/Login.php on line 42.
 1 APPPATH/Controllers/Login.php(42): CodeIgniter\Debug\Exceptions->errorHandler()
 2 SYSTEMPATH/CodeIgniter.php(934): App\Controllers\Login->do_login()
 3 SYSTEMPATH/CodeIgniter.php(499): CodeIgniter\CodeIgniter->runController()
 4 SYSTEMPATH/CodeIgniter.php(368): CodeIgniter\CodeIgniter->handleRequest()
 5 FCPATH/index.php(67): CodeIgniter\CodeIgniter->run()
 6 SYSTEMPATH/Commands/Server/rewrite.php(47): require_once('/opt/lampp/htdocs/.webarbe/codeigniter/4.3.5/public/index.php')
CRITICAL - 2023-05-26 10:23:00 --> Attempt to read property "id" on null
in APPPATH/Controllers/Login.php on line 42.
 1 APPPATH/Controllers/Login.php(42): CodeIgniter\Debug\Exceptions->errorHandler()
 2 SYSTEMPATH/CodeIgniter.php(934): App\Controllers\Login->do_login()
 3 SYSTEMPATH/CodeIgniter.php(499): CodeIgniter\CodeIgniter->runController()
 4 SYSTEMPATH/CodeIgniter.php(368): CodeIgniter\CodeIgniter->handleRequest()
 5 FCPATH/index.php(67): CodeIgniter\CodeIgniter->run()
 6 SYSTEMPATH/Commands/Server/rewrite.php(47): require_once('/opt/lampp/htdocs/.webarbe/codeigniter/4.3.5/public/index.php')
CRITICAL - 2023-05-26 10:30:08 --> Attempt to read property "id" on null
in APPPATH/Controllers/Login.php on line 42.
 1 APPPATH/Controllers/Login.php(42): CodeIgniter\Debug\Exceptions->errorHandler()
 2 SYSTEMPATH/CodeIgniter.php(934): App\Controllers\Login->do_login()
 3 SYSTEMPATH/CodeIgniter.php(499): CodeIgniter\CodeIgniter->runController()
 4 SYSTEMPATH/CodeIgniter.php(368): CodeIgniter\CodeIgniter->handleRequest()
 5 FCPATH/index.php(67): CodeIgniter\CodeIgniter->run()
 6 SYSTEMPATH/Commands/Server/rewrite.php(47): require_once('/opt/lampp/htdocs/.webarbe/codeigniter/4.3.5/public/index.php')
INFO - 2023-05-26 10:35:11 --> Session: Class initialized using 'CodeIgniter\Session\Handlers\FileHandler' driver.
CRITICAL - 2023-05-26 10:35:11 --> Attempt to read property "id" on null
in APPPATH/Controllers/Login.php on line 42.
 1 APPPATH/Controllers/Login.php(42): CodeIgniter\Debug\Exceptions->errorHandler()
 2 SYSTEMPATH/CodeIgniter.php(934): App\Controllers\Login->do_login()
 3 SYSTEMPATH/CodeIgniter.php(499): CodeIgniter\CodeIgniter->runController()
 4 SYSTEMPATH/CodeIgniter.php(368): CodeIgniter\CodeIgniter->handleRequest()
 5 FCPATH/index.php(67): CodeIgniter\CodeIgniter->run()
 6 SYSTEMPATH/Commands/Server/rewrite.php(47): require_once('/opt/lampp/htdocs/.webarbe/codeigniter/4.3.5/public/index.php')
INFO - 2023-05-26 11:05:46 --> Session: Class initialized using 'CodeIgniter\Session\Handlers\FileHandler' driver.
INFO - 2023-05-26 11:07:22 --> Session: Class initialized using 'CodeIgniter\Session\Handlers\FileHandler' driver.
INFO - 2023-05-26 11:07:43 --> Session: Class initialized using 'CodeIgniter\Session\Handlers\FileHandler' driver.
INFO - 2023-05-26 11:07:45 --> Session: Class initialized using 'CodeIgniter\Session\Handlers\FileHandler' driver.
INFO - 2023-05-26 11:07:57 --> Session: Class initialized using 'CodeIgniter\Session\Handlers\FileHandler' driver.
INFO - 2023-05-26 11:08:00 --> Session: Class initialized using 'CodeIgniter\Session\Handlers\FileHandler' driver.
INFO - 2023-05-26 11:08:17 --> Session: Class initialized using 'CodeIgniter\Session\Handlers\FileHandler' driver.
INFO - 2023-05-26 11:08:18 --> Session: Class initialized using 'CodeIgniter\Session\Handlers\FileHandler' driver.
INFO - 2023-05-26 11:08:25 --> Session: Class initialized using 'CodeIgniter\Session\Handlers\FileHandler' driver.
INFO - 2023-05-26 11:08:26 --> Session: Class initialized using 'CodeIgniter\Session\Handlers\FileHandler' driver.
INFO - 2023-05-26 11:08:31 --> Session: Class initialized using 'CodeIgniter\Session\Handlers\FileHandler' driver.
INFO - 2023-05-26 11:08:34 --> Session: Class initialized using 'CodeIgniter\Session\Handlers\FileHandler' driver.
INFO - 2023-05-26 11:08:47 --> Session: Class initialized using 'CodeIgniter\Session\Handlers\FileHandler' driver.
INFO - 2023-05-26 11:08:52 --> Session: Class initialized using 'CodeIgniter\Session\Handlers\FileHandler' driver.
INFO - 2023-05-26 11:09:55 --> Session: Class initialized using 'CodeIgniter\Session\Handlers\FileHandler' driver.
INFO - 2023-05-26 11:09:56 --> Session: Class initialized using 'CodeIgniter\Session\Handlers\FileHandler' driver.
INFO - 2023-05-26 11:10:05 --> Session: Class initialized using 'CodeIgniter\Session\Handlers\FileHandler' driver.
CRITICAL - 2023-05-26 11:10:05 --> Attempt to read property "id" on array
in APPPATH/Controllers/Login.php on line 48.
 1 APPPATH/Controllers/Login.php(48): CodeIgniter\Debug\Exceptions->errorHandler()
 2 SYSTEMPATH/CodeIgniter.php(934): App\Controllers\Login->do_login()
 3 SYSTEMPATH/CodeIgniter.php(499): CodeIgniter\CodeIgniter->runController()
 4 SYSTEMPATH/CodeIgniter.php(368): CodeIgniter\CodeIgniter->handleRequest()
 5 FCPATH/index.php(67): CodeIgniter\CodeIgniter->run()
 6 SYSTEMPATH/Commands/Server/rewrite.php(47): require_once('/opt/lampp/htdocs/.webarbe/codeigniter/4.3.5/public/index.php')
INFO - 2023-05-26 11:10:40 --> Session: Class initialized using 'CodeIgniter\Session\Handlers\FileHandler' driver.
CRITICAL - 2023-05-26 11:10:40 --> Attempt to read property "id" on array
in APPPATH/Controllers/Login.php on line 50.
 1 APPPATH/Controllers/Login.php(50): CodeIgniter\Debug\Exceptions->errorHandler()
 2 SYSTEMPATH/CodeIgniter.php(934): App\Controllers\Login->do_login()
 3 SYSTEMPATH/CodeIgniter.php(499): CodeIgniter\CodeIgniter->runController()
 4 SYSTEMPATH/CodeIgniter.php(368): CodeIgniter\CodeIgniter->handleRequest()
 5 FCPATH/index.php(67): CodeIgniter\CodeIgniter->run()
 6 SYSTEMPATH/Commands/Server/rewrite.php(47): require_once('/opt/lampp/htdocs/.webarbe/codeigniter/4.3.5/public/index.php')
INFO - 2023-05-26 11:10:56 --> Session: Class initialized using 'CodeIgniter\Session\Handlers\FileHandler' driver.
INFO - 2023-05-26 11:11:05 --> Session: Class initialized using 'CodeIgniter\Session\Handlers\FileHandler' driver.
CRITICAL - 2023-05-26 11:11:05 --> Attempt to read property "id" on array
in APPPATH/Controllers/Login.php on line 50.
 1 APPPATH/Controllers/Login.php(50): CodeIgniter\Debug\Exceptions->errorHandler()
 2 SYSTEMPATH/CodeIgniter.php(934): App\Controllers\Login->do_login()
 3 SYSTEMPATH/CodeIgniter.php(499): CodeIgniter\CodeIgniter->runController()
 4 SYSTEMPATH/CodeIgniter.php(368): CodeIgniter\CodeIgniter->handleRequest()
 5 FCPATH/index.php(67): CodeIgniter\CodeIgniter->run()
 6 SYSTEMPATH/Commands/Server/rewrite.php(47): require_once('/opt/lampp/htdocs/.webarbe/codeigniter/4.3.5/public/index.php')
INFO - 2023-05-26 11:12:32 --> Session: Class initialized using 'CodeIgniter\Session\Handlers\FileHandler' driver.
CRITICAL - 2023-05-26 11:12:32 --> Attempt to read property "password" on array
in APPPATH/Controllers/Login.php on line 52.
 1 APPPATH/Controllers/Login.php(52): CodeIgniter\Debug\Exceptions->errorHandler()
 2 SYSTEMPATH/CodeIgniter.php(934): App\Controllers\Login->do_login()
 3 SYSTEMPATH/CodeIgniter.php(499): CodeIgniter\CodeIgniter->runController()
 4 SYSTEMPATH/CodeIgniter.php(368): CodeIgniter\CodeIgniter->handleRequest()
 5 FCPATH/index.php(67): CodeIgniter\CodeIgniter->run()
 6 SYSTEMPATH/Commands/Server/rewrite.php(47): require_once('/opt/lampp/htdocs/.webarbe/codeigniter/4.3.5/public/index.php')
INFO - 2023-05-26 11:12:51 --> Session: Class initialized using 'CodeIgniter\Session\Handlers\FileHandler' driver.
INFO - 2023-05-26 11:13:20 --> Session: Class initialized using 'CodeIgniter\Session\Handlers\FileHandler' driver.
INFO - 2023-05-26 11:13:21 --> Session: Class initialized using 'CodeIgniter\Session\Handlers\FileHandler' driver.
INFO - 2023-05-26 11:13:30 --> Session: Class initialized using 'CodeIgniter\Session\Handlers\FileHandler' driver.
INFO - 2023-05-26 11:13:30 --> Session: Class initialized using 'CodeIgniter\Session\Handlers\FileHandler' driver.
INFO - 2023-05-26 11:13:33 --> Session: Class initialized using 'CodeIgniter\Session\Handlers\FileHandler' driver.
INFO - 2023-05-26 11:13:44 --> Session: Class initialized using 'CodeIgniter\Session\Handlers\FileHandler' driver.
INFO - 2023-05-26 11:13:49 --> Session: Class initialized using 'CodeIgniter\Session\Handlers\FileHandler' driver.
INFO - 2023-05-26 11:13:53 --> Session: Class initialized using 'CodeIgniter\Session\Handlers\FileHandler' driver.
INFO - 2023-05-26 11:13:55 --> Session: Class initialized using 'CodeIgniter\Session\Handlers\FileHandler' driver.
INFO - 2023-05-26 11:13:56 --> Session: Class initialized using 'CodeIgniter\Session\Handlers\FileHandler' driver.
INFO - 2023-05-26 12:08:39 --> Session: Class initialized using 'CodeIgniter\Session\Handlers\FileHandler' driver.
INFO - 2023-05-26 12:08:41 --> Session: Class initialized using 'CodeIgniter\Session\Handlers\FileHandler' driver.
INFO - 2023-05-26 12:08:42 --> Session: Class initialized using 'CodeIgniter\Session\Handlers\FileHandler' driver.
INFO - 2023-05-26 12:10:46 --> Session: Class initialized using 'CodeIgniter\Session\Handlers\FileHandler' driver.
INFO - 2023-05-26 12:11:12 --> Session: Class initialized using 'CodeIgniter\Session\Handlers\FileHandler' driver.
INFO - 2023-05-26 12:11:26 --> Session: Class initialized using 'CodeIgniter\Session\Handlers\FileHandler' driver.
INFO - 2023-05-26 12:11:43 --> Session: Class initialized using 'CodeIgniter\Session\Handlers\FileHandler' driver.
INFO - 2023-05-26 12:12:20 --> Session: Class initialized using 'CodeIgniter\Session\Handlers\FileHandler' driver.
INFO - 2023-05-26 12:12:31 --> Session: Class initialized using 'CodeIgniter\Session\Handlers\FileHandler' driver.
INFO - 2023-05-26 12:12:59 --> Session: Class initialized using 'CodeIgniter\Session\Handlers\FileHandler' driver.
INFO - 2023-05-26 12:13:27 --> Session: Class initialized using 'CodeIgniter\Session\Handlers\FileHandler' driver.
INFO - 2023-05-26 12:13:50 --> Session: Class initialized using 'CodeIgniter\Session\Handlers\FileHandler' driver.
INFO - 2023-05-26 12:14:11 --> Session: Class initialized using 'CodeIgniter\Session\Handlers\FileHandler' driver.
INFO - 2023-05-26 12:14:21 --> Session: Class initialized using 'CodeIgniter\Session\Handlers\FileHandler' driver.
INFO - 2023-05-26 12:23:27 --> Session: Class initialized using 'CodeIgniter\Session\Handlers\FileHandler' driver.
INFO - 2023-05-26 12:23:29 --> Session: Class initialized using 'CodeIgniter\Session\Handlers\FileHandler' driver.
INFO - 2023-05-26 12:23:31 --> Session: Class initialized using 'CodeIgniter\Session\Handlers\FileHandler' driver.
INFO - 2023-05-26 12:23:32 --> Session: Class initialized using 'CodeIgniter\Session\Handlers\FileHandler' driver.
INFO - 2023-05-26 12:23:32 --> Session: Class initialized using 'CodeIgniter\Session\Handlers\FileHandler' driver.
INFO - 2023-05-26 12:34:09 --> Session: Class initialized using 'CodeIgniter\Session\Handlers\FileHandler' driver.
INFO - 2023-05-26 12:34:10 --> Session: Class initialized using 'CodeIgniter\Session\Handlers\FileHandler' driver.
INFO - 2023-05-26 12:34:21 --> Session: Class initialized using 'CodeIgniter\Session\Handlers\FileHandler' driver.
CRITICAL - 2023-05-26 12:34:21 --> Undefined variable $result
in APPPATH/Controllers/Login.php on line 34.
 1 APPPATH/Controllers/Login.php(34): CodeIgniter\Debug\Exceptions->errorHandler()
 2 SYSTEMPATH/CodeIgniter.php(934): App\Controllers\Login->do_login()
 3 SYSTEMPATH/CodeIgniter.php(499): CodeIgniter\CodeIgniter->runController()
 4 SYSTEMPATH/CodeIgniter.php(368): CodeIgniter\CodeIgniter->handleRequest()
 5 FCPATH/index.php(67): CodeIgniter\CodeIgniter->run()
 6 SYSTEMPATH/Commands/Server/rewrite.php(47): require_once('/opt/lampp/htdocs/.webarbe/codeigniter/4.3.5/public/index.php')
INFO - 2023-05-26 12:34:35 --> Session: Class initialized using 'CodeIgniter\Session\Handlers\FileHandler' driver.
INFO - 2023-05-26 12:34:36 --> Session: Class initialized using 'CodeIgniter\Session\Handlers\FileHandler' driver.
INFO - 2023-05-26 12:37:13 --> Session: Class initialized using 'CodeIgniter\Session\Handlers\FileHandler' driver.
CRITICAL - 2023-05-26 12:37:13 --> Undefined property: CodeIgniter\View\View::$session
in APPPATH/Views/home.php on line 10.
 1 APPPATH/Views/home.php(10): CodeIgniter\Debug\Exceptions->errorHandler()
 2 SYSTEMPATH/View/View.php(213): include('/opt/lampp/htdocs/.webarbe/codeigniter/4.3.5/app/Views/home.php')
 3 SYSTEMPATH/View/View.php(216): CodeIgniter\View\View->CodeIgniter\View\{closure}()
 4 SYSTEMPATH/Common.php(1184): CodeIgniter\View\View->render()
 5 APPPATH/Controllers/Home.php(14): view()
 6 SYSTEMPATH/CodeIgniter.php(934): App\Controllers\Home->index()
 7 SYSTEMPATH/CodeIgniter.php(499): CodeIgniter\CodeIgniter->runController()
 8 SYSTEMPATH/CodeIgniter.php(368): CodeIgniter\CodeIgniter->handleRequest()
 9 FCPATH/index.php(67): CodeIgniter\CodeIgniter->run()
10 SYSTEMPATH/Commands/Server/rewrite.php(47): require_once('/opt/lampp/htdocs/.webarbe/codeigniter/4.3.5/public/index.php')
INFO - 2023-05-26 12:37:18 --> Session: Class initialized using 'CodeIgniter\Session\Handlers\FileHandler' driver.
INFO - 2023-05-26 12:37:19 --> Session: Class initialized using 'CodeIgniter\Session\Handlers\FileHandler' driver.
CRITICAL - 2023-05-26 12:37:19 --> Undefined property: CodeIgniter\View\View::$session
in APPPATH/Views/home.php on line 10.
 1 APPPATH/Views/home.php(10): CodeIgniter\Debug\Exceptions->errorHandler()
 2 SYSTEMPATH/View/View.php(213): include('/opt/lampp/htdocs/.webarbe/codeigniter/4.3.5/app/Views/home.php')
 3 SYSTEMPATH/View/View.php(216): CodeIgniter\View\View->CodeIgniter\View\{closure}()
 4 SYSTEMPATH/Common.php(1184): CodeIgniter\View\View->render()
 5 APPPATH/Controllers/Home.php(14): view()
 6 SYSTEMPATH/CodeIgniter.php(934): App\Controllers\Home->index()
 7 SYSTEMPATH/CodeIgniter.php(499): CodeIgniter\CodeIgniter->runController()
 8 SYSTEMPATH/CodeIgniter.php(368): CodeIgniter\CodeIgniter->handleRequest()
 9 FCPATH/index.php(67): CodeIgniter\CodeIgniter->run()
10 SYSTEMPATH/Commands/Server/rewrite.php(47): require_once('/opt/lampp/htdocs/.webarbe/codeigniter/4.3.5/public/index.php')
INFO - 2023-05-26 12:41:22 --> Session: Class initialized using 'CodeIgniter\Session\Handlers\FileHandler' driver.
CRITICAL - 2023-05-26 12:41:22 --> Attempt to read property "id" on array
in APPPATH/Controllers/Home.php on line 11.
 1 APPPATH/Controllers/Home.php(11): CodeIgniter\Debug\Exceptions->errorHandler()
 2 SYSTEMPATH/CodeIgniter.php(934): App\Controllers\Home->index()
 3 SYSTEMPATH/CodeIgniter.php(499): CodeIgniter\CodeIgniter->runController()
 4 SYSTEMPATH/CodeIgniter.php(368): CodeIgniter\CodeIgniter->handleRequest()
 5 FCPATH/index.php(67): CodeIgniter\CodeIgniter->run()
 6 SYSTEMPATH/Commands/Server/rewrite.php(47): require_once('/opt/lampp/htdocs/.webarbe/codeigniter/4.3.5/public/index.php')
INFO - 2023-05-26 12:42:19 --> Session: Class initialized using 'CodeIgniter\Session\Handlers\FileHandler' driver.
CRITICAL - 2023-05-26 12:42:19 --> Attempt to read property "id" on array
in APPPATH/Controllers/Home.php on line 11.
 1 APPPATH/Controllers/Home.php(11): CodeIgniter\Debug\Exceptions->errorHandler()
 2 SYSTEMPATH/CodeIgniter.php(934): App\Controllers\Home->index()
 3 SYSTEMPATH/CodeIgniter.php(499): CodeIgniter\CodeIgniter->runController()
 4 SYSTEMPATH/CodeIgniter.php(368): CodeIgniter\CodeIgniter->handleRequest()
 5 FCPATH/index.php(67): CodeIgniter\CodeIgniter->run()
 6 SYSTEMPATH/Commands/Server/rewrite.php(47): require_once('/opt/lampp/htdocs/.webarbe/codeigniter/4.3.5/public/index.php')
INFO - 2023-05-26 12:42:28 --> Session: Class initialized using 'CodeIgniter\Session\Handlers\FileHandler' driver.
INFO - 2023-05-26 12:42:36 --> Session: Class initialized using 'CodeIgniter\Session\Handlers\FileHandler' driver.
INFO - 2023-05-26 12:42:36 --> Session: Class initialized using 'CodeIgniter\Session\Handlers\FileHandler' driver.
CRITICAL - 2023-05-26 12:42:36 --> Attempt to read property "id" on array
in APPPATH/Controllers/Home.php on line 11.
 1 APPPATH/Controllers/Home.php(11): CodeIgniter\Debug\Exceptions->errorHandler()
 2 SYSTEMPATH/CodeIgniter.php(934): App\Controllers\Home->index()
 3 SYSTEMPATH/CodeIgniter.php(499): CodeIgniter\CodeIgniter->runController()
 4 SYSTEMPATH/CodeIgniter.php(368): CodeIgniter\CodeIgniter->handleRequest()
 5 FCPATH/index.php(67): CodeIgniter\CodeIgniter->run()
 6 SYSTEMPATH/Commands/Server/rewrite.php(47): require_once('/opt/lampp/htdocs/.webarbe/codeigniter/4.3.5/public/index.php')
INFO - 2023-05-26 12:43:25 --> Session: Class initialized using 'CodeIgniter\Session\Handlers\FileHandler' driver.
INFO - 2023-05-26 12:46:02 --> Session: Class initialized using 'CodeIgniter\Session\Handlers\FileHandler' driver.
INFO - 2023-05-26 12:46:06 --> Session: Class initialized using 'CodeIgniter\Session\Handlers\FileHandler' driver.
INFO - 2023-05-26 12:46:08 --> Session: Class initialized using 'CodeIgniter\Session\Handlers\FileHandler' driver.
INFO - 2023-05-26 12:46:10 --> Session: Class initialized using 'CodeIgniter\Session\Handlers\FileHandler' driver.
INFO - 2023-05-26 12:46:10 --> Session: Class initialized using 'CodeIgniter\Session\Handlers\FileHandler' driver.
INFO - 2023-05-26 12:46:12 --> Session: Class initialized using 'CodeIgniter\Session\Handlers\FileHandler' driver.
INFO - 2023-05-26 12:46:16 --> Session: Class initialized using 'CodeIgniter\Session\Handlers\FileHandler' driver.
INFO - 2023-05-26 12:46:17 --> Session: Class initialized using 'CodeIgniter\Session\Handlers\FileHandler' driver.
INFO - 2023-05-26 12:46:19 --> Session: Class initialized using 'CodeIgniter\Session\Handlers\FileHandler' driver.
INFO - 2023-05-26 12:47:20 --> Session: Class initialized using 'CodeIgniter\Session\Handlers\FileHandler' driver.
INFO - 2023-05-26 12:47:22 --> Session: Class initialized using 'CodeIgniter\Session\Handlers\FileHandler' driver.
INFO - 2023-05-26 12:47:23 --> Session: Class initialized using 'CodeIgniter\Session\Handlers\FileHandler' driver.
INFO - 2023-05-26 12:47:23 --> Session: Class initialized using 'CodeIgniter\Session\Handlers\FileHandler' driver.
INFO - 2023-05-26 12:47:24 --> Session: Class initialized using 'CodeIgniter\Session\Handlers\FileHandler' driver.
INFO - 2023-05-26 12:47:25 --> Session: Class initialized using 'CodeIgniter\Session\Handlers\FileHandler' driver.
INFO - 2023-05-26 12:47:35 --> Session: Class initialized using 'CodeIgniter\Session\Handlers\FileHandler' driver.
INFO - 2023-05-26 12:47:35 --> Session: Class initialized using 'CodeIgniter\Session\Handlers\FileHandler' driver.
INFO - 2023-05-26 12:49:06 --> Session: Class initialized using 'CodeIgniter\Session\Handlers\FileHandler' driver.
INFO - 2023-05-26 12:49:07 --> Session: Class initialized using 'CodeIgniter\Session\Handlers\FileHandler' driver.
INFO - 2023-05-26 12:49:17 --> Session: Class initialized using 'CodeIgniter\Session\Handlers\FileHandler' driver.
CRITICAL - 2023-05-26 12:49:17 --> Attempt to read property "id" on array
in APPPATH/Controllers/Login.php on line 38.
 1 APPPATH/Controllers/Login.php(38): CodeIgniter\Debug\Exceptions->errorHandler()
 2 SYSTEMPATH/CodeIgniter.php(934): App\Controllers\Login->do_login()
 3 SYSTEMPATH/CodeIgniter.php(499): CodeIgniter\CodeIgniter->runController()
 4 SYSTEMPATH/CodeIgniter.php(368): CodeIgniter\CodeIgniter->handleRequest()
 5 FCPATH/index.php(67): CodeIgniter\CodeIgniter->run()
 6 SYSTEMPATH/Commands/Server/rewrite.php(47): require_once('/opt/lampp/htdocs/.webarbe/codeigniter/4.3.5/public/index.php')
INFO - 2023-05-26 12:50:46 --> Session: Class initialized using 'CodeIgniter\Session\Handlers\FileHandler' driver.
CRITICAL - 2023-05-26 12:50:47 --> Array to string conversion
in APPPATH/Controllers/Login.php on line 38.
 1 APPPATH/Controllers/Login.php(38): CodeIgniter\Debug\Exceptions->errorHandler()
 2 SYSTEMPATH/CodeIgniter.php(934): App\Controllers\Login->do_login()
 3 SYSTEMPATH/CodeIgniter.php(499): CodeIgniter\CodeIgniter->runController()
 4 SYSTEMPATH/CodeIgniter.php(368): CodeIgniter\CodeIgniter->handleRequest()
 5 FCPATH/index.php(67): CodeIgniter\CodeIgniter->run()
 6 SYSTEMPATH/Commands/Server/rewrite.php(47): require_once('/opt/lampp/htdocs/.webarbe/codeigniter/4.3.5/public/index.php')
INFO - 2023-05-26 12:51:03 --> Session: Class initialized using 'CodeIgniter\Session\Handlers\FileHandler' driver.
INFO - 2023-05-26 12:51:31 --> Session: Class initialized using 'CodeIgniter\Session\Handlers\FileHandler' driver.
INFO - 2023-05-26 12:52:35 --> Session: Class initialized using 'CodeIgniter\Session\Handlers\FileHandler' driver.
INFO - 2023-05-26 12:52:35 --> Session: Class initialized using 'CodeIgniter\Session\Handlers\FileHandler' driver.
INFO - 2023-05-26 12:52:38 --> Session: Class initialized using 'CodeIgniter\Session\Handlers\FileHandler' driver.
INFO - 2023-05-26 12:52:38 --> Session: Class initialized using 'CodeIgniter\Session\Handlers\FileHandler' driver.
INFO - 2023-05-26 12:52:39 --> Session: Class initialized using 'CodeIgniter\Session\Handlers\FileHandler' driver.
INFO - 2023-05-26 12:52:44 --> Session: Class initialized using 'CodeIgniter\Session\Handlers\FileHandler' driver.
INFO - 2023-05-26 12:52:47 --> Session: Class initialized using 'CodeIgniter\Session\Handlers\FileHandler' driver.
INFO - 2023-05-26 12:52:56 --> Session: Class initialized using 'CodeIgniter\Session\Handlers\FileHandler' driver.
INFO - 2023-05-26 12:52:56 --> Session: Class initialized using 'CodeIgniter\Session\Handlers\FileHandler' driver.
INFO - 2023-05-26 12:53:26 --> Session: Class initialized using 'CodeIgniter\Session\Handlers\FileHandler' driver.
CRITICAL - 2023-05-26 12:53:26 --> Trying to access array offset on value of type null
in APPPATH/Controllers/Home.php on line 10.
 1 APPPATH/Controllers/Home.php(10): CodeIgniter\Debug\Exceptions->errorHandler()
 2 SYSTEMPATH/CodeIgniter.php(934): App\Controllers\Home->index()
 3 SYSTEMPATH/CodeIgniter.php(499): CodeIgniter\CodeIgniter->runController()
 4 SYSTEMPATH/CodeIgniter.php(368): CodeIgniter\CodeIgniter->handleRequest()
 5 FCPATH/index.php(67): CodeIgniter\CodeIgniter->run()
 6 SYSTEMPATH/Commands/Server/rewrite.php(47): require_once('/opt/lampp/htdocs/.webarbe/codeigniter/4.3.5/public/index.php')
INFO - 2023-05-26 12:53:32 --> Session: Class initialized using 'CodeIgniter\Session\Handlers\FileHandler' driver.
INFO - 2023-05-26 12:54:10 --> Session: Class initialized using 'CodeIgniter\Session\Handlers\FileHandler' driver.
INFO - 2023-05-26 12:54:13 --> Session: Class initialized using 'CodeIgniter\Session\Handlers\FileHandler' driver.
INFO - 2023-05-26 12:54:15 --> Session: Class initialized using 'CodeIgniter\Session\Handlers\FileHandler' driver.
INFO - 2023-05-26 12:54:15 --> Session: Class initialized using 'CodeIgniter\Session\Handlers\FileHandler' driver.
INFO - 2023-05-26 12:54:18 --> Session: Class initialized using 'CodeIgniter\Session\Handlers\FileHandler' driver.
INFO - 2023-05-26 12:54:19 --> Session: Class initialized using 'CodeIgniter\Session\Handlers\FileHandler' driver.
INFO - 2023-05-26 12:54:20 --> Session: Class initialized using 'CodeIgniter\Session\Handlers\FileHandler' driver.
INFO - 2023-05-26 12:54:28 --> Session: Class initialized using 'CodeIgniter\Session\Handlers\FileHandler' driver.
INFO - 2023-05-26 13:03:11 --> Session: Class initialized using 'CodeIgniter\Session\Handlers\FileHandler' driver.
INFO - 2023-05-26 13:03:13 --> Session: Class initialized using 'CodeIgniter\Session\Handlers\FileHandler' driver.
INFO - 2023-05-26 13:03:14 --> Session: Class initialized using 'CodeIgniter\Session\Handlers\FileHandler' driver.
INFO - 2023-05-26 13:03:15 --> Session: Class initialized using 'CodeIgniter\Session\Handlers\FileHandler' driver.
INFO - 2023-05-26 13:03:25 --> Session: Class initialized using 'CodeIgniter\Session\Handlers\FileHandler' driver.
INFO - 2023-05-26 13:03:34 --> Session: Class initialized using 'CodeIgniter\Session\Handlers\FileHandler' driver.
INFO - 2023-05-26 13:03:57 --> Session: Class initialized using 'CodeIgniter\Session\Handlers\FileHandler' driver.
INFO - 2023-05-26 13:03:58 --> Session: Class initialized using 'CodeIgniter\Session\Handlers\FileHandler' driver.
INFO - 2023-05-26 13:03:59 --> Session: Class initialized using 'CodeIgniter\Session\Handlers\FileHandler' driver.
INFO - 2023-05-26 13:04:00 --> Session: Class initialized using 'CodeIgniter\Session\Handlers\FileHandler' driver.
INFO - 2023-05-26 13:04:04 --> Session: Class initialized using 'CodeIgniter\Session\Handlers\FileHandler' driver.
INFO - 2023-05-26 13:04:35 --> Session: Class initialized using 'CodeIgniter\Session\Handlers\FileHandler' driver.
INFO - 2023-05-26 13:05:32 --> Session: Class initialized using 'CodeIgniter\Session\Handlers\FileHandler' driver.
INFO - 2023-05-26 13:05:37 --> Session: Class initialized using 'CodeIgniter\Session\Handlers\FileHandler' driver.
INFO - 2023-05-26 13:05:44 --> Session: Class initialized using 'CodeIgniter\Session\Handlers\FileHandler' driver.
INFO - 2023-05-26 13:05:49 --> Session: Class initialized using 'CodeIgniter\Session\Handlers\FileHandler' driver.
INFO - 2023-05-26 13:05:55 --> Session: Class initialized using 'CodeIgniter\Session\Handlers\FileHandler' driver.
INFO - 2023-05-26 13:05:57 --> Session: Class initialized using 'CodeIgniter\Session\Handlers\FileHandler' driver.
INFO - 2023-05-26 13:06:40 --> Session: Class initialized using 'CodeIgniter\Session\Handlers\FileHandler' driver.
INFO - 2023-05-26 13:06:56 --> Session: Class initialized using 'CodeIgniter\Session\Handlers\FileHandler' driver.
INFO - 2023-05-26 13:06:59 --> Session: Class initialized using 'CodeIgniter\Session\Handlers\FileHandler' driver.
INFO - 2023-05-26 13:07:06 --> Session: Class initialized using 'CodeIgniter\Session\Handlers\FileHandler' driver.
INFO - 2023-05-26 13:07:43 --> Session: Class initialized using 'CodeIgniter\Session\Handlers\FileHandler' driver.
INFO - 2023-05-26 13:07:43 --> Session: Class initialized using 'CodeIgniter\Session\Handlers\FileHandler' driver.
INFO - 2023-05-26 13:07:48 --> Session: Class initialized using 'CodeIgniter\Session\Handlers\FileHandler' driver.
INFO - 2023-05-26 13:07:52 --> Session: Class initialized using 'CodeIgniter\Session\Handlers\FileHandler' driver.
INFO - 2023-05-26 13:07:59 --> Session: Class initialized using 'CodeIgniter\Session\Handlers\FileHandler' driver.
INFO - 2023-05-26 13:08:00 --> Session: Class initialized using 'CodeIgniter\Session\Handlers\FileHandler' driver.
INFO - 2023-05-26 13:08:08 --> Session: Class initialized using 'CodeIgniter\Session\Handlers\FileHandler' driver.
INFO - 2023-05-26 13:08:29 --> Session: Class initialized using 'CodeIgniter\Session\Handlers\FileHandler' driver.
INFO - 2023-05-26 13:08:37 --> Session: Class initialized using 'CodeIgniter\Session\Handlers\FileHandler' driver.
INFO - 2023-05-26 13:08:39 --> Session: Class initialized using 'CodeIgniter\Session\Handlers\FileHandler' driver.
INFO - 2023-05-26 13:08:44 --> Session: Class initialized using 'CodeIgniter\Session\Handlers\FileHandler' driver.
INFO - 2023-05-26 13:08:44 --> Session: Class initialized using 'CodeIgniter\Session\Handlers\FileHandler' driver.
INFO - 2023-05-26 13:11:56 --> Session: Class initialized using 'CodeIgniter\Session\Handlers\FileHandler' driver.
INFO - 2023-05-26 13:11:57 --> Session: Class initialized using 'CodeIgniter\Session\Handlers\FileHandler' driver.
CRITICAL - 2023-05-26 13:11:57 --> Call to undefined method CodeIgniter\Session\Session::sess_destroy()
in APPPATH/Controllers/Login.php on line 54.
 1 SYSTEMPATH/CodeIgniter.php(934): App\Controllers\Login->do_logout()
 2 SYSTEMPATH/CodeIgniter.php(499): CodeIgniter\CodeIgniter->runController()
 3 SYSTEMPATH/CodeIgniter.php(368): CodeIgniter\CodeIgniter->handleRequest()
 4 FCPATH/index.php(67): CodeIgniter\CodeIgniter->run()
 5 SYSTEMPATH/Commands/Server/rewrite.php(47): require_once('/opt/lampp/htdocs/.webarbe/codeigniter/4.3.5/public/index.php')
INFO - 2023-05-26 13:14:13 --> Session: Class initialized using 'CodeIgniter\Session\Handlers\FileHandler' driver.
INFO - 2023-05-26 13:14:13 --> Session: Class initialized using 'CodeIgniter\Session\Handlers\FileHandler' driver.
INFO - 2023-05-26 13:14:15 --> Session: Class initialized using 'CodeIgniter\Session\Handlers\FileHandler' driver.
INFO - 2023-05-26 13:14:16 --> Session: Class initialized using 'CodeIgniter\Session\Handlers\FileHandler' driver.
INFO - 2023-05-26 13:14:24 --> Session: Class initialized using 'CodeIgniter\Session\Handlers\FileHandler' driver.
INFO - 2023-05-26 13:14:24 --> Session: Class initialized using 'CodeIgniter\Session\Handlers\FileHandler' driver.
INFO - 2023-05-26 13:14:26 --> Session: Class initialized using 'CodeIgniter\Session\Handlers\FileHandler' driver.
INFO - 2023-05-26 13:14:26 --> Session: Class initialized using 'CodeIgniter\Session\Handlers\FileHandler' driver.
INFO - 2023-05-26 13:14:27 --> Session: Class initialized using 'CodeIgniter\Session\Handlers\FileHandler' driver.
CRITICAL - 2023-05-26 13:14:27 --> Trying to access array offset on value of type null
in APPPATH/Controllers/Home.php on line 10.
 1 APPPATH/Controllers/Home.php(10): CodeIgniter\Debug\Exceptions->errorHandler()
 2 SYSTEMPATH/CodeIgniter.php(934): App\Controllers\Home->index()
 3 SYSTEMPATH/CodeIgniter.php(499): CodeIgniter\CodeIgniter->runController()
 4 SYSTEMPATH/CodeIgniter.php(368): CodeIgniter\CodeIgniter->handleRequest()
 5 FCPATH/index.php(67): CodeIgniter\CodeIgniter->run()
 6 SYSTEMPATH/Commands/Server/rewrite.php(47): require_once('/opt/lampp/htdocs/.webarbe/codeigniter/4.3.5/public/index.php')
INFO - 2023-05-26 13:14:29 --> Session: Class initialized using 'CodeIgniter\Session\Handlers\FileHandler' driver.
INFO - 2023-05-26 13:15:13 --> Session: Class initialized using 'CodeIgniter\Session\Handlers\FileHandler' driver.
CRITICAL - 2023-05-26 13:15:13 --> Trying to access array offset on value of type null
in APPPATH/Views/common/header.php on line 17.
 1 APPPATH/Views/common/header.php(17): CodeIgniter\Debug\Exceptions->errorHandler()
 2 SYSTEMPATH/View/View.php(213): include('/opt/lampp/htdocs/.webarbe/codeigniter/4.3.5/app/Views/common/header.php')
 3 SYSTEMPATH/View/View.php(216): CodeIgniter\View\View->CodeIgniter\View\{closure}()
 4 SYSTEMPATH/Common.php(1184): CodeIgniter\View\View->render()
 5 APPPATH/Controllers/Login.php(12): view()
 6 SYSTEMPATH/CodeIgniter.php(934): App\Controllers\Login->index()
 7 SYSTEMPATH/CodeIgniter.php(499): CodeIgniter\CodeIgniter->runController()
 8 SYSTEMPATH/CodeIgniter.php(368): CodeIgniter\CodeIgniter->handleRequest()
 9 FCPATH/index.php(67): CodeIgniter\CodeIgniter->run()
10 SYSTEMPATH/Commands/Server/rewrite.php(47): require_once('/opt/lampp/htdocs/.webarbe/codeigniter/4.3.5/public/index.php')
INFO - 2023-05-26 13:15:33 --> Session: Class initialized using 'CodeIgniter\Session\Handlers\FileHandler' driver.
CRITICAL - 2023-05-26 13:15:33 --> Trying to access array offset on value of type null
in APPPATH/Views/common/header.php on line 17.
 1 APPPATH/Views/common/header.php(17): CodeIgniter\Debug\Exceptions->errorHandler()
 2 SYSTEMPATH/View/View.php(213): include('/opt/lampp/htdocs/.webarbe/codeigniter/4.3.5/app/Views/common/header.php')
 3 SYSTEMPATH/View/View.php(216): CodeIgniter\View\View->CodeIgniter\View\{closure}()
 4 SYSTEMPATH/Common.php(1184): CodeIgniter\View\View->render()
 5 APPPATH/Controllers/Login.php(12): view()
 6 SYSTEMPATH/CodeIgniter.php(934): App\Controllers\Login->index()
 7 SYSTEMPATH/CodeIgniter.php(499): CodeIgniter\CodeIgniter->runController()
 8 SYSTEMPATH/CodeIgniter.php(368): CodeIgniter\CodeIgniter->handleRequest()
 9 FCPATH/index.php(67): CodeIgniter\CodeIgniter->run()
10 SYSTEMPATH/Commands/Server/rewrite.php(47): require_once('/opt/lampp/htdocs/.webarbe/codeigniter/4.3.5/public/index.php')
INFO - 2023-05-26 13:15:44 --> Session: Class initialized using 'CodeIgniter\Session\Handlers\FileHandler' driver.
INFO - 2023-05-26 13:17:12 --> Session: Class initialized using 'CodeIgniter\Session\Handlers\FileHandler' driver.
INFO - 2023-05-26 13:17:29 --> Session: Class initialized using 'CodeIgniter\Session\Handlers\FileHandler' driver.
INFO - 2023-05-26 13:17:31 --> Session: Class initialized using 'CodeIgniter\Session\Handlers\FileHandler' driver.
INFO - 2023-05-26 13:17:40 --> Session: Class initialized using 'CodeIgniter\Session\Handlers\FileHandler' driver.
INFO - 2023-05-26 13:17:40 --> Session: Class initialized using 'CodeIgniter\Session\Handlers\FileHandler' driver.
INFO - 2023-05-26 13:17:43 --> Session: Class initialized using 'CodeIgniter\Session\Handlers\FileHandler' driver.
INFO - 2023-05-26 13:17:44 --> Session: Class initialized using 'CodeIgniter\Session\Handlers\FileHandler' driver.
INFO - 2023-05-26 13:17:47 --> Session: Class initialized using 'CodeIgniter\Session\Handlers\FileHandler' driver.
INFO - 2023-05-26 13:17:47 --> Session: Class initialized using 'CodeIgniter\Session\Handlers\FileHandler' driver.
INFO - 2023-05-26 13:19:07 --> Session: Class initialized using 'CodeIgniter\Session\Handlers\FileHandler' driver.
CRITICAL - 2023-05-26 13:19:07 --> Cannot use isset() on the result of an expression (you can use "null !== expression" instead)
in APPPATH/Views/common/header.php on line 17.
 1 [internal function]: CodeIgniter\Debug\Exceptions->shutdownHandler()
INFO - 2023-05-26 13:19:19 --> Session: Class initialized using 'CodeIgniter\Session\Handlers\FileHandler' driver.
CRITICAL - 2023-05-26 13:19:19 --> Cannot use isset() on the result of an expression (you can use "null !== expression" instead)
in APPPATH/Views/common/header.php on line 17.
 1 [internal function]: CodeIgniter\Debug\Exceptions->shutdownHandler()
INFO - 2023-05-26 13:19:58 --> Session: Class initialized using 'CodeIgniter\Session\Handlers\FileHandler' driver.
INFO - 2023-05-26 13:19:59 --> Session: Class initialized using 'CodeIgniter\Session\Handlers\FileHandler' driver.
INFO - 2023-05-26 13:20:00 --> Session: Class initialized using 'CodeIgniter\Session\Handlers\FileHandler' driver.
INFO - 2023-05-26 13:20:01 --> Session: Class initialized using 'CodeIgniter\Session\Handlers\FileHandler' driver.
INFO - 2023-05-26 13:20:08 --> Session: Class initialized using 'CodeIgniter\Session\Handlers\FileHandler' driver.
INFO - 2023-05-26 13:20:10 --> Session: Class initialized using 'CodeIgniter\Session\Handlers\FileHandler' driver.
INFO - 2023-05-26 13:20:15 --> Session: Class initialized using 'CodeIgniter\Session\Handlers\FileHandler' driver.
INFO - 2023-05-26 13:20:15 --> Session: Class initialized using 'CodeIgniter\Session\Handlers\FileHandler' driver.
INFO - 2023-05-26 13:20:18 --> Session: Class initialized using 'CodeIgniter\Session\Handlers\FileHandler' driver.
INFO - 2023-05-26 13:20:18 --> Session: Class initialized using 'CodeIgniter\Session\Handlers\FileHandler' driver.
INFO - 2023-05-26 13:20:21 --> Session: Class initialized using 'CodeIgniter\Session\Handlers\FileHandler' driver.
INFO - 2023-05-26 13:20:51 --> Session: Class initialized using 'CodeIgniter\Session\Handlers\FileHandler' driver.
INFO - 2023-05-26 13:20:52 --> Session: Class initialized using 'CodeIgniter\Session\Handlers\FileHandler' driver.
INFO - 2023-05-26 13:21:10 --> Session: Class initialized using 'CodeIgniter\Session\Handlers\FileHandler' driver.
INFO - 2023-05-26 13:21:10 --> Session: Class initialized using 'CodeIgniter\Session\Handlers\FileHandler' driver.
INFO - 2023-05-26 13:21:14 --> Session: Class initialized using 'CodeIgniter\Session\Handlers\FileHandler' driver.
INFO - 2023-05-26 13:21:14 --> Session: Class initialized using 'CodeIgniter\Session\Handlers\FileHandler' driver.
INFO - 2023-05-26 13:21:19 --> Session: Class initialized using 'CodeIgniter\Session\Handlers\FileHandler' driver.
INFO - 2023-05-26 13:21:20 --> Session: Class initialized using 'CodeIgniter\Session\Handlers\FileHandler' driver.
CRITICAL - 2023-05-26 17:38:40 --> Trying to access array offset on value of type null
in APPPATH/Controllers/Home.php on line 10.
 1 APPPATH/Controllers/Home.php(10): CodeIgniter\Debug\Exceptions->errorHandler()
 2 SYSTEMPATH/CodeIgniter.php(934): App\Controllers\Home->index()
 3 SYSTEMPATH/CodeIgniter.php(499): CodeIgniter\CodeIgniter->runController()
 4 SYSTEMPATH/CodeIgniter.php(368): CodeIgniter\CodeIgniter->handleRequest()
 5 FCPATH/index.php(67): CodeIgniter\CodeIgniter->run()
 6 SYSTEMPATH/Commands/Server/rewrite.php(47): require_once('/opt/lampp/htdocs/.webarbe/codeigniter/4.3.5/public/index.php')
ERROR - 2023-05-26 17:41:25 --> Error connecting to the database: mysqli_sql_exception: Connection refused in /opt/lampp/htdocs/.webarbe/codeigniter/4.3.5/system/Database/MySQLi/Connection.php:174
Stack trace:
#0 /opt/lampp/htdocs/.webarbe/codeigniter/4.3.5/system/Database/MySQLi/Connection.php(174): mysqli->real_connect()
#1 /opt/lampp/htdocs/.webarbe/codeigniter/4.3.5/system/Database/BaseConnection.php(391): CodeIgniter\Database\MySQLi\Connection->connect()
#2 /opt/lampp/htdocs/.webarbe/codeigniter/4.3.5/system/Database/BaseConnection.php(574): CodeIgniter\Database\BaseConnection->initialize()
#3 /opt/lampp/htdocs/.webarbe/codeigniter/4.3.5/system/Database/BaseBuilder.php(1616): CodeIgniter\Database\BaseConnection->query()
#4 /opt/lampp/htdocs/.webarbe/codeigniter/4.3.5/system/Model.php(268): CodeIgniter\Database\BaseBuilder->get()
#5 /opt/lampp/htdocs/.webarbe/codeigniter/4.3.5/system/BaseModel.php(656): CodeIgniter\Model->doFirst()
#6 /opt/lampp/htdocs/.webarbe/codeigniter/4.3.5/app/Controllers/Login.php(24): CodeIgniter\BaseModel->first()
#7 /opt/lampp/htdocs/.webarbe/codeigniter/4.3.5/system/CodeIgniter.php(934): App\Controllers\Login->do_login()
#8 /opt/lampp/htdocs/.webarbe/codeigniter/4.3.5/system/CodeIgniter.php(499): CodeIgniter\CodeIgniter->runController()
#9 /opt/lampp/htdocs/.webarbe/codeigniter/4.3.5/system/CodeIgniter.php(368): CodeIgniter\CodeIgniter->handleRequest()
#10 /opt/lampp/htdocs/.webarbe/codeigniter/4.3.5/public/index.php(67): CodeIgniter\CodeIgniter->run()
#11 /opt/lampp/htdocs/.webarbe/codeigniter/4.3.5/system/Commands/Server/rewrite.php(47): require_once('...')
#12 {main}

Next CodeIgniter\Database\Exceptions\DatabaseException: Connection refused in /opt/lampp/htdocs/.webarbe/codeigniter/4.3.5/system/Database/MySQLi/Connection.php:218
Stack trace:
#0 /opt/lampp/htdocs/.webarbe/codeigniter/4.3.5/system/Database/BaseConnection.php(391): CodeIgniter\Database\MySQLi\Connection->connect()
#1 /opt/lampp/htdocs/.webarbe/codeigniter/4.3.5/system/Database/BaseConnection.php(574): CodeIgniter\Database\BaseConnection->initialize()
#2 /opt/lampp/htdocs/.webarbe/codeigniter/4.3.5/system/Database/BaseBuilder.php(1616): CodeIgniter\Database\BaseConnection->query()
#3 /opt/lampp/htdocs/.webarbe/codeigniter/4.3.5/system/Model.php(268): CodeIgniter\Database\BaseBuilder->get()
#4 /opt/lampp/htdocs/.webarbe/codeigniter/4.3.5/system/BaseModel.php(656): CodeIgniter\Model->doFirst()
#5 /opt/lampp/htdocs/.webarbe/codeigniter/4.3.5/app/Controllers/Login.php(24): CodeIgniter\BaseModel->first()
#6 /opt/lampp/htdocs/.webarbe/codeigniter/4.3.5/system/CodeIgniter.php(934): App\Controllers\Login->do_login()
#7 /opt/lampp/htdocs/.webarbe/codeigniter/4.3.5/system/CodeIgniter.php(499): CodeIgniter\CodeIgniter->runController()
#8 /opt/lampp/htdocs/.webarbe/codeigniter/4.3.5/system/CodeIgniter.php(368): CodeIgniter\CodeIgniter->handleRequest()
#9 /opt/lampp/htdocs/.webarbe/codeigniter/4.3.5/public/index.php(67): CodeIgniter\CodeIgniter->run()
#10 /opt/lampp/htdocs/.webarbe/codeigniter/4.3.5/system/Commands/Server/rewrite.php(47): require_once('...')
#11 {main}
CRITICAL - 2023-05-26 17:41:25 --> Unable to connect to the database.
Main connection [MySQLi]: Connection refused
in SYSTEMPATH/Database/BaseConnection.php on line 427.
 1 SYSTEMPATH/Database/BaseConnection.php(574): CodeIgniter\Database\BaseConnection->initialize()
 2 SYSTEMPATH/Database/BaseBuilder.php(1616): CodeIgniter\Database\BaseConnection->query()
 3 SYSTEMPATH/Model.php(268): CodeIgniter\Database\BaseBuilder->get()
 4 SYSTEMPATH/BaseModel.php(656): CodeIgniter\Model->doFirst()
 5 APPPATH/Controllers/Login.php(24): CodeIgniter\BaseModel->first()
 6 SYSTEMPATH/CodeIgniter.php(934): App\Controllers\Login->do_login()
 7 SYSTEMPATH/CodeIgniter.php(499): CodeIgniter\CodeIgniter->runController()
 8 SYSTEMPATH/CodeIgniter.php(368): CodeIgniter\CodeIgniter->handleRequest()
 9 FCPATH/index.php(67): CodeIgniter\CodeIgniter->run()
10 SYSTEMPATH/Commands/Server/rewrite.php(47): require_once('/opt/lampp/htdocs/.webarbe/codeigniter/4.3.5/public/index.php')
ERROR - 2023-05-26 17:41:50 --> Error connecting to the database: mysqli_sql_exception: Connection refused in /opt/lampp/htdocs/.webarbe/codeigniter/4.3.5/system/Database/MySQLi/Connection.php:174
Stack trace:
#0 /opt/lampp/htdocs/.webarbe/codeigniter/4.3.5/system/Database/MySQLi/Connection.php(174): mysqli->real_connect()
#1 /opt/lampp/htdocs/.webarbe/codeigniter/4.3.5/system/Database/BaseConnection.php(391): CodeIgniter\Database\MySQLi\Connection->connect()
#2 /opt/lampp/htdocs/.webarbe/codeigniter/4.3.5/system/Database/BaseConnection.php(574): CodeIgniter\Database\BaseConnection->initialize()
#3 /opt/lampp/htdocs/.webarbe/codeigniter/4.3.5/system/Database/BaseBuilder.php(1616): CodeIgniter\Database\BaseConnection->query()
#4 /opt/lampp/htdocs/.webarbe/codeigniter/4.3.5/system/Model.php(268): CodeIgniter\Database\BaseBuilder->get()
#5 /opt/lampp/htdocs/.webarbe/codeigniter/4.3.5/system/BaseModel.php(656): CodeIgniter\Model->doFirst()
#6 /opt/lampp/htdocs/.webarbe/codeigniter/4.3.5/app/Controllers/Login.php(24): CodeIgniter\BaseModel->first()
#7 /opt/lampp/htdocs/.webarbe/codeigniter/4.3.5/system/CodeIgniter.php(934): App\Controllers\Login->do_login()
#8 /opt/lampp/htdocs/.webarbe/codeigniter/4.3.5/system/CodeIgniter.php(499): CodeIgniter\CodeIgniter->runController()
#9 /opt/lampp/htdocs/.webarbe/codeigniter/4.3.5/system/CodeIgniter.php(368): CodeIgniter\CodeIgniter->handleRequest()
#10 /opt/lampp/htdocs/.webarbe/codeigniter/4.3.5/public/index.php(67): CodeIgniter\CodeIgniter->run()
#11 /opt/lampp/htdocs/.webarbe/codeigniter/4.3.5/system/Commands/Server/rewrite.php(47): require_once('...')
#12 {main}

Next CodeIgniter\Database\Exceptions\DatabaseException: Connection refused in /opt/lampp/htdocs/.webarbe/codeigniter/4.3.5/system/Database/MySQLi/Connection.php:218
Stack trace:
#0 /opt/lampp/htdocs/.webarbe/codeigniter/4.3.5/system/Database/BaseConnection.php(391): CodeIgniter\Database\MySQLi\Connection->connect()
#1 /opt/lampp/htdocs/.webarbe/codeigniter/4.3.5/system/Database/BaseConnection.php(574): CodeIgniter\Database\BaseConnection->initialize()
#2 /opt/lampp/htdocs/.webarbe/codeigniter/4.3.5/system/Database/BaseBuilder.php(1616): CodeIgniter\Database\BaseConnection->query()
#3 /opt/lampp/htdocs/.webarbe/codeigniter/4.3.5/system/Model.php(268): CodeIgniter\Database\BaseBuilder->get()
#4 /opt/lampp/htdocs/.webarbe/codeigniter/4.3.5/system/BaseModel.php(656): CodeIgniter\Model->doFirst()
#5 /opt/lampp/htdocs/.webarbe/codeigniter/4.3.5/app/Controllers/Login.php(24): CodeIgniter\BaseModel->first()
#6 /opt/lampp/htdocs/.webarbe/codeigniter/4.3.5/system/CodeIgniter.php(934): App\Controllers\Login->do_login()
#7 /opt/lampp/htdocs/.webarbe/codeigniter/4.3.5/system/CodeIgniter.php(499): CodeIgniter\CodeIgniter->runController()
#8 /opt/lampp/htdocs/.webarbe/codeigniter/4.3.5/system/CodeIgniter.php(368): CodeIgniter\CodeIgniter->handleRequest()
#9 /opt/lampp/htdocs/.webarbe/codeigniter/4.3.5/public/index.php(67): CodeIgniter\CodeIgniter->run()
#10 /opt/lampp/htdocs/.webarbe/codeigniter/4.3.5/system/Commands/Server/rewrite.php(47): require_once('...')
#11 {main}
CRITICAL - 2023-05-26 17:41:50 --> Unable to connect to the database.
Main connection [MySQLi]: Connection refused
in SYSTEMPATH/Database/BaseConnection.php on line 427.
 1 SYSTEMPATH/Database/BaseConnection.php(574): CodeIgniter\Database\BaseConnection->initialize()
 2 SYSTEMPATH/Database/BaseBuilder.php(1616): CodeIgniter\Database\BaseConnection->query()
 3 SYSTEMPATH/Model.php(268): CodeIgniter\Database\BaseBuilder->get()
 4 SYSTEMPATH/BaseModel.php(656): CodeIgniter\Model->doFirst()
 5 APPPATH/Controllers/Login.php(24): CodeIgniter\BaseModel->first()
 6 SYSTEMPATH/CodeIgniter.php(934): App\Controllers\Login->do_login()
 7 SYSTEMPATH/CodeIgniter.php(499): CodeIgniter\CodeIgniter->runController()
 8 SYSTEMPATH/CodeIgniter.php(368): CodeIgniter\CodeIgniter->handleRequest()
 9 FCPATH/index.php(67): CodeIgniter\CodeIgniter->run()
10 SYSTEMPATH/Commands/Server/rewrite.php(47): require_once('/opt/lampp/htdocs/.webarbe/codeigniter/4.3.5/public/index.php')
